{"/Users/carlos/Developer/curso-react-redux/soluciones/tema6/src/components/ecommerce/cart.js":{"path":"/Users/carlos/Developer/curso-react-redux/soluciones/tema6/src/components/ecommerce/cart.js","s":{"1":1,"2":1,"3":1,"4":1,"5":1,"6":4,"7":4,"8":4,"9":4,"10":4,"11":4,"12":1,"13":1,"14":1,"15":1,"16":0,"17":1,"18":1,"19":1,"20":1,"21":1,"22":1,"23":1,"24":1,"25":1,"26":1,"27":1,"28":1,"29":1,"30":3,"31":1,"32":10,"33":0,"34":1,"35":10,"36":0,"37":10,"38":1,"39":1,"40":0,"41":1,"42":1,"43":1,"44":1,"45":1,"46":1,"47":10,"48":10,"49":10,"50":10,"51":10,"52":10,"53":1,"54":1,"55":1,"56":1,"57":1,"58":1,"59":1,"60":1,"61":10,"62":10,"63":10,"64":10,"65":10,"66":3,"67":10,"68":1,"69":1,"70":1,"71":1,"72":0,"73":1},"b":{"1":[4,4],"2":[4,0],"3":[1,0],"4":[0,1],"5":[2,1],"6":[3,3],"7":[0,10],"8":[0,10],"9":[0,10],"10":[10,0,0],"11":[0,1],"12":[1,0],"13":[1,1],"14":[1,0],"15":[1,0],"16":[7,3]},"f":{"1":1,"2":1,"3":1,"4":3,"5":10,"6":10,"7":1,"8":1,"9":10,"10":1,"11":1,"12":1,"13":10,"14":3,"15":0},"fnMap":{"1":{"name":"(anonymous_1)","line":8,"loc":{"start":{"line":0,"column":0},"end":{"line":0,"column":0},"skip":true},"skip":true},"2":{"name":"defineProperties","line":8,"loc":{"start":{"line":0,"column":0},"end":{"line":0,"column":0},"skip":true},"skip":true},"3":{"name":"(anonymous_3)","line":8,"loc":{"start":{"line":0,"column":0},"end":{"line":0,"column":0},"skip":true},"skip":true},"4":{"name":"_interopRequireDefault","line":32,"loc":{"start":{"line":0,"column":0},"end":{"line":0,"column":0},"skip":true},"skip":true},"5":{"name":"_classCallCheck","line":34,"loc":{"start":{"line":0,"column":0},"end":{"line":0,"column":0},"skip":true},"skip":true},"6":{"name":"_possibleConstructorReturn","line":36,"loc":{"start":{"line":0,"column":0},"end":{"line":0,"column":0},"skip":true},"skip":true},"7":{"name":"_inherits","line":38,"loc":{"start":{"line":0,"column":0},"end":{"line":0,"column":0},"skip":true},"skip":true},"8":{"name":"(anonymous_8)","line":42,"loc":{"start":{"line":0,"column":0},"end":{"line":0,"column":0},"skip":true},"skip":true},"9":{"name":"Cart","line":45,"loc":{"start":{"line":12,"column":2},"end":{"line":12,"column":20}}},"10":{"name":"handleBack","line":61,"loc":{"start":{"line":0,"column":0},"end":{"line":0,"column":0},"skip":true},"skip":true},"11":{"name":"handleCheckout","line":70,"loc":{"start":{"line":0,"column":0},"end":{"line":0,"column":0},"skip":true},"skip":true},"12":{"name":"handleQuantityChange","line":79,"loc":{"start":{"line":0,"column":0},"end":{"line":0,"column":0},"skip":true},"skip":true},"13":{"name":"render","line":87,"loc":{"start":{"line":0,"column":0},"end":{"line":0,"column":0},"skip":true},"skip":true},"14":{"name":"(anonymous_14)","line":95,"loc":{"start":{"line":39,"column":32},"end":{"line":39,"column":32}}},"15":{"name":"mapDispatchToProps","line":192,"loc":{"start":{"line":91,"column":27},"end":{"line":91,"column":41}}}},"statementMap":{"1":{"start":{"line":0,"column":0},"end":{"line":0,"column":0},"skip":true},"2":{"start":{"line":0,"column":0},"end":{"line":0,"column":0},"skip":true},"3":{"start":{"line":0,"column":0},"end":{"line":0,"column":0},"skip":true},"4":{"start":{"line":0,"column":0},"end":{"line":0,"column":0},"skip":true},"5":{"start":{"line":0,"column":0},"end":{"line":0,"column":0},"skip":true},"6":{"start":{"line":0,"column":0},"end":{"line":0,"column":0},"skip":true},"7":{"start":{"line":0,"column":0},"end":{"line":0,"column":0},"skip":true},"8":{"start":{"line":0,"column":0},"end":{"line":0,"column":0},"skip":true},"9":{"start":{"line":0,"column":0},"end":{"line":0,"column":0},"skip":true},"10":{"start":{"line":0,"column":0},"end":{"line":0,"column":0},"skip":true},"11":{"start":{"line":0,"column":0},"end":{"line":0,"column":0},"skip":true},"12":{"start":{"line":0,"column":0},"end":{"line":0,"column":0},"skip":true},"13":{"start":{"line":0,"column":0},"end":{"line":0,"column":0},"skip":true},"14":{"start":{"line":0,"column":0},"end":{"line":0,"column":0},"skip":true},"15":{"start":{"line":0,"column":0},"end":{"line":0,"column":0},"skip":true},"16":{"start":{"line":0,"column":0},"end":{"line":0,"column":0},"skip":true},"17":{"start":{"line":0,"column":0},"end":{"line":0,"column":0},"skip":true},"18":{"start":{"line":1,"column":-15},"end":{"line":1,"column":-15}},"19":{"start":{"line":0,"column":0},"end":{"line":0,"column":0},"skip":true},"20":{"start":{"line":2,"column":0},"end":{"line":2,"column":0}},"21":{"start":{"line":3,"column":0},"end":{"line":3,"column":0}},"22":{"start":{"line":4,"column":0},"end":{"line":4,"column":0}},"23":{"start":{"line":5,"column":0},"end":{"line":5,"column":0}},"24":{"start":{"line":6,"column":0},"end":{"line":6,"column":0}},"25":{"start":{"line":7,"column":0},"end":{"line":7,"column":0}},"26":{"start":{"line":0,"column":0},"end":{"line":0,"column":0},"skip":true},"27":{"start":{"line":8,"column":0},"end":{"line":8,"column":0}},"28":{"start":{"line":0,"column":0},"end":{"line":0,"column":0},"skip":true},"29":{"start":{"line":0,"column":0},"end":{"line":0,"column":0},"skip":true},"30":{"start":{"line":0,"column":0},"end":{"line":0,"column":0},"skip":true},"31":{"start":{"line":0,"column":0},"end":{"line":0,"column":0},"skip":true},"32":{"start":{"line":0,"column":0},"end":{"line":0,"column":0},"skip":true},"33":{"start":{"line":0,"column":0},"end":{"line":0,"column":0},"skip":true},"34":{"start":{"line":0,"column":0},"end":{"line":0,"column":0},"skip":true},"35":{"start":{"line":0,"column":0},"end":{"line":0,"column":0},"skip":true},"36":{"start":{"line":0,"column":0},"end":{"line":0,"column":0},"skip":true},"37":{"start":{"line":0,"column":0},"end":{"line":0,"column":0},"skip":true},"38":{"start":{"line":0,"column":0},"end":{"line":0,"column":0},"skip":true},"39":{"start":{"line":0,"column":0},"end":{"line":0,"column":0},"skip":true},"40":{"start":{"line":0,"column":0},"end":{"line":0,"column":0},"skip":true},"41":{"start":{"line":0,"column":0},"end":{"line":0,"column":0},"skip":true},"42":{"start":{"line":0,"column":0},"end":{"line":0,"column":0},"skip":true},"43":{"start":{"line":0,"column":0},"end":{"line":0,"column":0},"skip":true},"44":{"start":{"line":0,"column":0},"end":{"line":0,"column":0},"skip":true},"45":{"start":{"line":0,"column":0},"end":{"line":0,"column":0},"skip":true},"46":{"start":{"line":12,"column":2},"end":{"line":17,"column":3}},"47":{"start":{"line":12,"column":20},"end":{"line":12,"column":20}},"48":{"start":{"line":12,"column":20},"end":{"line":12,"column":20}},"49":{"start":{"line":14,"column":4},"end":{"line":14,"column":4}},"50":{"start":{"line":15,"column":4},"end":{"line":15,"column":4}},"51":{"start":{"line":16,"column":4},"end":{"line":16,"column":4}},"52":{"start":{"line":12,"column":20},"end":{"line":12,"column":20}},"53":{"start":{"line":0,"column":0},"end":{"line":0,"column":0},"skip":true},"54":{"start":{"line":21,"column":4},"end":{"line":21,"column":4}},"55":{"start":{"line":22,"column":4},"end":{"line":22,"column":4}},"56":{"start":{"line":27,"column":4},"end":{"line":27,"column":4}},"57":{"start":{"line":28,"column":4},"end":{"line":28,"column":4}},"58":{"start":{"line":32,"column":40},"end":{"line":32,"column":40}},"59":{"start":{"line":32,"column":40},"end":{"line":32,"column":40}},"60":{"start":{"line":33,"column":4},"end":{"line":33,"column":4}},"61":{"start":{"line":36,"column":10},"end":{"line":36,"column":10}},"62":{"start":{"line":36,"column":10},"end":{"line":36,"column":10}},"63":{"start":{"line":36,"column":10},"end":{"line":36,"column":10}},"64":{"start":{"line":36,"column":10},"end":{"line":36,"column":10}},"65":{"start":{"line":39,"column":4},"end":{"line":39,"column":4}},"66":{"start":{"line":39,"column":32},"end":{"line":39,"column":32}},"67":{"start":{"line":44,"column":4},"end":{"line":44,"column":4}},"68":{"start":{"line":0,"column":0},"end":{"line":0,"column":0},"skip":true},"69":{"start":{"line":78,"column":0},"end":{"line":78,"column":0}},"70":{"start":{"line":86,"column":0},"end":{"line":86,"column":0}},"71":{"start":{"line":91,"column":0},"end":{"line":91,"column":0}},"72":{"start":{"line":92,"column":2},"end":{"line":92,"column":2}},"73":{"start":{"line":0,"column":0},"end":{"line":0,"column":0},"skip":true}},"branchMap":{"1":{"line":8,"type":"binary-expr","locations":[{"start":{"line":0,"column":0},"end":{"line":0,"column":0},"skip":true},{"start":{"line":0,"column":0},"end":{"line":0,"column":0},"skip":true}]},"2":{"line":8,"type":"if","locations":[{"start":{"line":0,"column":0},"end":{"line":0,"column":0},"skip":true},{"start":{"line":0,"column":0},"end":{"line":0,"column":0},"skip":true}]},"3":{"line":8,"type":"if","locations":[{"start":{"line":0,"column":0},"end":{"line":0,"column":0},"skip":true},{"start":{"line":0,"column":0},"end":{"line":0,"column":0},"skip":true}]},"4":{"line":8,"type":"if","locations":[{"start":{"line":0,"column":0},"end":{"line":0,"column":0},"skip":true},{"start":{"line":0,"column":0},"end":{"line":0,"column":0},"skip":true}]},"5":{"line":32,"type":"cond-expr","locations":[{"start":{"line":0,"column":0},"end":{"line":0,"column":0},"skip":true},{"start":{"line":0,"column":0},"end":{"line":0,"column":0},"skip":true}]},"6":{"line":32,"type":"binary-expr","locations":[{"start":{"line":0,"column":0},"end":{"line":0,"column":0},"skip":true},{"start":{"line":0,"column":0},"end":{"line":0,"column":0},"skip":true}]},"7":{"line":34,"type":"if","locations":[{"start":{"line":0,"column":0},"end":{"line":0,"column":0},"skip":true},{"start":{"line":0,"column":0},"end":{"line":0,"column":0},"skip":true}]},"8":{"line":36,"type":"if","locations":[{"start":{"line":0,"column":0},"end":{"line":0,"column":0},"skip":true},{"start":{"line":0,"column":0},"end":{"line":0,"column":0},"skip":true}]},"9":{"line":36,"type":"cond-expr","locations":[{"start":{"line":0,"column":0},"end":{"line":0,"column":0},"skip":true},{"start":{"line":0,"column":0},"end":{"line":0,"column":0},"skip":true}]},"10":{"line":36,"type":"binary-expr","locations":[{"start":{"line":0,"column":0},"end":{"line":0,"column":0},"skip":true},{"start":{"line":0,"column":0},"end":{"line":0,"column":0},"skip":true},{"start":{"line":0,"column":0},"end":{"line":0,"column":0},"skip":true}]},"11":{"line":38,"type":"if","locations":[{"start":{"line":0,"column":0},"end":{"line":0,"column":0},"skip":true},{"start":{"line":0,"column":0},"end":{"line":0,"column":0},"skip":true}]},"12":{"line":38,"type":"binary-expr","locations":[{"start":{"line":0,"column":0},"end":{"line":0,"column":0},"skip":true},{"start":{"line":0,"column":0},"end":{"line":0,"column":0},"skip":true}]},"13":{"line":38,"type":"binary-expr","locations":[{"start":{"line":0,"column":0},"end":{"line":0,"column":0},"skip":true},{"start":{"line":0,"column":0},"end":{"line":0,"column":0},"skip":true}]},"14":{"line":38,"type":"if","locations":[{"start":{"line":0,"column":0},"end":{"line":0,"column":0},"skip":true},{"start":{"line":0,"column":0},"end":{"line":0,"column":0},"skip":true}]},"15":{"line":38,"type":"cond-expr","locations":[{"start":{"line":0,"column":0},"end":{"line":0,"column":0},"skip":true},{"start":{"line":0,"column":0},"end":{"line":0,"column":0},"skip":true}]},"16":{"line":166,"type":"cond-expr","locations":[{"start":{"line":71,"column":37},"end":{"line":71,"column":12}},{"start":{"line":71,"column":44},"end":{"line":71,"column":44}}]}}},"/Users/carlos/Developer/curso-react-redux/soluciones/tema6/src/modules/cart/index.js":{"path":"/Users/carlos/Developer/curso-react-redux/soluciones/tema6/src/modules/cart/index.js","s":{"1":1,"2":1,"3":1,"4":0,"5":0,"6":0,"7":0,"8":0,"9":0,"10":1,"11":1,"12":4,"13":0,"14":4,"15":1,"16":1,"17":1,"18":1,"19":1,"20":1,"21":1,"22":2,"23":2,"24":0,"25":0,"26":0,"27":0,"28":0,"29":0,"30":0,"31":1,"32":2,"33":0,"34":2,"35":2,"36":1,"37":1,"38":1,"39":1,"40":0,"41":1,"42":1,"43":2,"44":2,"45":0,"46":2,"47":1,"48":2,"49":2,"50":2,"51":2,"52":1,"53":1,"54":1,"55":6,"56":6,"57":6,"58":1,"59":1,"60":2,"61":1,"62":1},"b":{"1":[1,0],"2":[0,0],"3":[0,4],"4":[2,0],"5":[2,2],"6":[0,0],"7":[0,0],"8":[0,2],"9":[0,1],"10":[0,2],"11":[1,1],"12":[1,5],"13":[6,6],"14":[1,1,2,1,1]},"f":{"1":0,"2":4,"3":1,"4":2,"5":2,"6":1,"7":2,"8":2,"9":2,"10":6},"fnMap":{"1":{"name":"(anonymous_1)","line":8,"loc":{"start":{"line":0,"column":0},"end":{"line":0,"column":0},"skip":true},"skip":true},"2":{"name":"(anonymous_2)","line":12,"loc":{"start":{"line":2,"column":0},"end":{"line":2,"column":0}}},"3":{"name":"get","line":16,"loc":{"start":{"line":2,"column":0},"end":{"line":2,"column":0}}},"4":{"name":"_interopRequireWildcard","line":31,"loc":{"start":{"line":0,"column":0},"end":{"line":0,"column":0},"skip":true},"skip":true},"5":{"name":"_defineProperty","line":33,"loc":{"start":{"line":0,"column":0},"end":{"line":0,"column":0},"skip":true},"skip":true},"6":{"name":"addToCart","line":38,"loc":{"start":{"line":5,"column":0},"end":{"line":5,"column":29}}},"7":{"name":"removeFromCart","line":47,"loc":{"start":{"line":20,"column":0},"end":{"line":20,"column":34}}},"8":{"name":"(anonymous_8)","line":49,"loc":{"start":{"line":22,"column":35},"end":{"line":22,"column":55}}},"9":{"name":"changeQuantity","line":57,"loc":{"start":{"line":30,"column":0},"end":{"line":30,"column":38}}},"10":{"name":"cart","line":69,"loc":{"start":{"line":42,"column":15},"end":{"line":42,"column":46}}}},"statementMap":{"1":{"start":{"line":0,"column":0},"end":{"line":0,"column":0},"skip":true},"2":{"start":{"line":0,"column":0},"end":{"line":0,"column":0},"skip":true},"3":{"start":{"line":0,"column":0},"end":{"line":0,"column":0},"skip":true},"4":{"start":{"line":0,"column":0},"end":{"line":0,"column":0},"skip":true},"5":{"start":{"line":0,"column":0},"end":{"line":0,"column":0},"skip":true},"6":{"start":{"line":0,"column":0},"end":{"line":0,"column":0},"skip":true},"7":{"start":{"line":0,"column":0},"end":{"line":0,"column":0},"skip":true},"8":{"start":{"line":0,"column":0},"end":{"line":0,"column":0},"skip":true},"9":{"start":{"line":0,"column":0},"end":{"line":0,"column":0},"skip":true},"10":{"start":{"line":0,"column":0},"end":{"line":0,"column":0},"skip":true},"11":{"start":{"line":2,"column":0},"end":{"line":2,"column":0}},"12":{"start":{"line":2,"column":0},"end":{"line":2,"column":0}},"13":{"start":{"line":2,"column":0},"end":{"line":2,"column":0}},"14":{"start":{"line":2,"column":0},"end":{"line":2,"column":0}},"15":{"start":{"line":2,"column":0},"end":{"line":2,"column":0}},"16":{"start":{"line":0,"column":0},"end":{"line":0,"column":0},"skip":true},"17":{"start":{"line":1,"column":-15},"end":{"line":1,"column":-15}},"18":{"start":{"line":0,"column":0},"end":{"line":0,"column":0},"skip":true},"19":{"start":{"line":0,"column":0},"end":{"line":0,"column":0},"skip":true},"20":{"start":{"line":0,"column":0},"end":{"line":0,"column":0},"skip":true},"21":{"start":{"line":0,"column":0},"end":{"line":0,"column":0},"skip":true},"22":{"start":{"line":0,"column":0},"end":{"line":0,"column":0},"skip":true},"23":{"start":{"line":0,"column":0},"end":{"line":0,"column":0},"skip":true},"24":{"start":{"line":0,"column":0},"end":{"line":0,"column":0},"skip":true},"25":{"start":{"line":0,"column":0},"end":{"line":0,"column":0},"skip":true},"26":{"start":{"line":0,"column":0},"end":{"line":0,"column":0},"skip":true},"27":{"start":{"line":0,"column":0},"end":{"line":0,"column":0},"skip":true},"28":{"start":{"line":0,"column":0},"end":{"line":0,"column":0},"skip":true},"29":{"start":{"line":0,"column":0},"end":{"line":0,"column":0},"skip":true},"30":{"start":{"line":0,"column":0},"end":{"line":0,"column":0},"skip":true},"31":{"start":{"line":0,"column":0},"end":{"line":0,"column":0},"skip":true},"32":{"start":{"line":0,"column":0},"end":{"line":0,"column":0},"skip":true},"33":{"start":{"line":0,"column":0},"end":{"line":0,"column":0},"skip":true},"34":{"start":{"line":0,"column":0},"end":{"line":0,"column":0},"skip":true},"35":{"start":{"line":0,"column":0},"end":{"line":0,"column":0},"skip":true},"36":{"start":{"line":0,"column":0},"end":{"line":0,"column":0},"skip":true},"37":{"start":{"line":5,"column":0},"end":{"line":18,"column":1}},"38":{"start":{"line":6,"column":2},"end":{"line":6,"column":2}},"39":{"start":{"line":7,"column":2},"end":{"line":12,"column":3}},"40":{"start":{"line":8,"column":4},"end":{"line":8,"column":4}},"41":{"start":{"line":14,"column":2},"end":{"line":14,"column":2}},"42":{"start":{"line":20,"column":0},"end":{"line":28,"column":1}},"43":{"start":{"line":22,"column":2},"end":{"line":22,"column":2}},"44":{"start":{"line":23,"column":4},"end":{"line":25,"column":5}},"45":{"start":{"line":24,"column":6},"end":{"line":24,"column":6}},"46":{"start":{"line":26,"column":4},"end":{"line":26,"column":4}},"47":{"start":{"line":30,"column":0},"end":{"line":40,"column":1}},"48":{"start":{"line":30,"column":38},"end":{"line":30,"column":38}},"49":{"start":{"line":30,"column":38},"end":{"line":30,"column":38}},"50":{"start":{"line":30,"column":38},"end":{"line":30,"column":38}},"51":{"start":{"line":32,"column":2},"end":{"line":34,"column":3}},"52":{"start":{"line":33,"column":4},"end":{"line":33,"column":4}},"53":{"start":{"line":36,"column":2},"end":{"line":36,"column":2}},"54":{"start":{"line":42,"column":15},"end":{"line":55,"column":1}},"55":{"start":{"line":42,"column":46},"end":{"line":42,"column":46}},"56":{"start":{"line":42,"column":46},"end":{"line":42,"column":46}},"57":{"start":{"line":43,"column":2},"end":{"line":43,"column":2}},"58":{"start":{"line":45,"column":4},"end":{"line":45,"column":4}},"59":{"start":{"line":47,"column":4},"end":{"line":47,"column":4}},"60":{"start":{"line":49,"column":4},"end":{"line":49,"column":4}},"61":{"start":{"line":51,"column":4},"end":{"line":51,"column":4}},"62":{"start":{"line":53,"column":4},"end":{"line":53,"column":4}}},"branchMap":{"1":{"line":8,"type":"binary-expr","locations":[{"start":{"line":0,"column":0},"end":{"line":0,"column":0},"skip":true},{"start":{"line":0,"column":0},"end":{"line":0,"column":0},"skip":true}]},"2":{"line":8,"type":"if","locations":[{"start":{"line":0,"column":0},"end":{"line":0,"column":0},"skip":true},{"start":{"line":0,"column":0},"end":{"line":0,"column":0},"skip":true}]},"3":{"line":13,"type":"if","locations":[{"start":{"line":2,"column":0},"end":{"line":2,"column":0}},{"start":{"line":2,"column":0},"end":{"line":2,"column":0}}]},"4":{"line":31,"type":"if","locations":[{"start":{"line":0,"column":0},"end":{"line":0,"column":0},"skip":true},{"start":{"line":0,"column":0},"end":{"line":0,"column":0},"skip":true}]},"5":{"line":31,"type":"binary-expr","locations":[{"start":{"line":0,"column":0},"end":{"line":0,"column":0},"skip":true},{"start":{"line":0,"column":0},"end":{"line":0,"column":0},"skip":true}]},"6":{"line":31,"type":"if","locations":[{"start":{"line":0,"column":0},"end":{"line":0,"column":0},"skip":true},{"start":{"line":0,"column":0},"end":{"line":0,"column":0},"skip":true}]},"7":{"line":31,"type":"if","locations":[{"start":{"line":0,"column":0},"end":{"line":0,"column":0},"skip":true},{"start":{"line":0,"column":0},"end":{"line":0,"column":0},"skip":true}]},"8":{"line":33,"type":"if","locations":[{"start":{"line":0,"column":0},"end":{"line":0,"column":0},"skip":true},{"start":{"line":0,"column":0},"end":{"line":0,"column":0},"skip":true}]},"9":{"line":40,"type":"if","locations":[{"start":{"line":7,"column":2},"end":{"line":7,"column":2}},{"start":{"line":7,"column":2},"end":{"line":7,"column":2}}]},"10":{"line":50,"type":"if","locations":[{"start":{"line":23,"column":4},"end":{"line":23,"column":4}},{"start":{"line":23,"column":4},"end":{"line":23,"column":4}}]},"11":{"line":62,"type":"if","locations":[{"start":{"line":32,"column":2},"end":{"line":32,"column":2}},{"start":{"line":32,"column":2},"end":{"line":32,"column":2}}]},"12":{"line":70,"type":"cond-expr","locations":[{"start":{"line":42,"column":35},"end":{"line":42,"column":46}},{"start":{"line":42,"column":46},"end":{"line":42,"column":46}}]},"13":{"line":70,"type":"binary-expr","locations":[{"start":{"line":42,"column":46},"end":{"line":42,"column":46}},{"start":{"line":42,"column":46},"end":{"line":42,"column":46}}]},"14":{"line":73,"type":"switch","locations":[{"start":{"line":44,"column":2},"end":{"line":45,"column":4}},{"start":{"line":46,"column":2},"end":{"line":47,"column":4}},{"start":{"line":48,"column":2},"end":{"line":49,"column":4}},{"start":{"line":50,"column":2},"end":{"line":51,"column":4}},{"start":{"line":52,"column":2},"end":{"line":53,"column":4}}]}}},"/Users/carlos/Developer/curso-react-redux/soluciones/tema6/src/modules/cart/actions.js":{"path":"/Users/carlos/Developer/curso-react-redux/soluciones/tema6/src/modules/cart/actions.js","s":{"1":1,"2":1,"3":1,"4":1,"5":1,"6":1,"7":1,"8":1,"9":1,"10":1,"11":0,"12":0,"13":0,"14":0,"15":0,"16":0,"17":0,"18":1,"19":0,"20":1,"21":0,"22":1,"23":0,"24":1,"25":0},"b":{"1":[1,0],"2":[1,1],"3":[0,0],"4":[0,0]},"f":{"1":1,"2":0,"3":0,"4":0,"5":0},"fnMap":{"1":{"name":"_interopRequireWildcard","line":15,"loc":{"start":{"line":0,"column":0},"end":{"line":0,"column":0},"skip":true},"skip":true},"2":{"name":"addToCart","line":17,"loc":{"start":{"line":3,"column":7},"end":{"line":3,"column":29}}},"3":{"name":"removeFromCart","line":24,"loc":{"start":{"line":10,"column":7},"end":{"line":10,"column":34}}},"4":{"name":"changeQuantity","line":31,"loc":{"start":{"line":17,"column":7},"end":{"line":17,"column":44}}},"5":{"name":"emptyCart","line":41,"loc":{"start":{"line":27,"column":7},"end":{"line":27,"column":27}}}},"statementMap":{"1":{"start":{"line":0,"column":0},"end":{"line":0,"column":0},"skip":true},"2":{"start":{"line":0,"column":0},"end":{"line":0,"column":0},"skip":true},"3":{"start":{"line":0,"column":0},"end":{"line":0,"column":0},"skip":true},"4":{"start":{"line":0,"column":0},"end":{"line":0,"column":0},"skip":true},"5":{"start":{"line":0,"column":0},"end":{"line":0,"column":0},"skip":true},"6":{"start":{"line":1,"column":-15},"end":{"line":1,"column":-15}},"7":{"start":{"line":0,"column":0},"end":{"line":0,"column":0},"skip":true},"8":{"start":{"line":0,"column":0},"end":{"line":0,"column":0},"skip":true},"9":{"start":{"line":0,"column":0},"end":{"line":0,"column":0},"skip":true},"10":{"start":{"line":0,"column":0},"end":{"line":0,"column":0},"skip":true},"11":{"start":{"line":0,"column":0},"end":{"line":0,"column":0},"skip":true},"12":{"start":{"line":0,"column":0},"end":{"line":0,"column":0},"skip":true},"13":{"start":{"line":0,"column":0},"end":{"line":0,"column":0},"skip":true},"14":{"start":{"line":0,"column":0},"end":{"line":0,"column":0},"skip":true},"15":{"start":{"line":0,"column":0},"end":{"line":0,"column":0},"skip":true},"16":{"start":{"line":0,"column":0},"end":{"line":0,"column":0},"skip":true},"17":{"start":{"line":0,"column":0},"end":{"line":0,"column":0},"skip":true},"18":{"start":{"line":3,"column":7},"end":{"line":8,"column":1}},"19":{"start":{"line":4,"column":2},"end":{"line":4,"column":2}},"20":{"start":{"line":10,"column":7},"end":{"line":15,"column":1}},"21":{"start":{"line":11,"column":2},"end":{"line":11,"column":2}},"22":{"start":{"line":17,"column":7},"end":{"line":25,"column":1}},"23":{"start":{"line":18,"column":2},"end":{"line":18,"column":2}},"24":{"start":{"line":27,"column":7},"end":{"line":31,"column":1}},"25":{"start":{"line":28,"column":2},"end":{"line":28,"column":2}}},"branchMap":{"1":{"line":15,"type":"if","locations":[{"start":{"line":0,"column":0},"end":{"line":0,"column":0},"skip":true},{"start":{"line":0,"column":0},"end":{"line":0,"column":0},"skip":true}]},"2":{"line":15,"type":"binary-expr","locations":[{"start":{"line":0,"column":0},"end":{"line":0,"column":0},"skip":true},{"start":{"line":0,"column":0},"end":{"line":0,"column":0},"skip":true}]},"3":{"line":15,"type":"if","locations":[{"start":{"line":0,"column":0},"end":{"line":0,"column":0},"skip":true},{"start":{"line":0,"column":0},"end":{"line":0,"column":0},"skip":true}]},"4":{"line":15,"type":"if","locations":[{"start":{"line":0,"column":0},"end":{"line":0,"column":0},"skip":true},{"start":{"line":0,"column":0},"end":{"line":0,"column":0},"skip":true}]}}},"/Users/carlos/Developer/curso-react-redux/soluciones/tema6/src/modules/cart/actionTypes.js":{"path":"/Users/carlos/Developer/curso-react-redux/soluciones/tema6/src/modules/cart/actionTypes.js","s":{"1":1,"2":1,"3":1,"4":1,"5":1},"b":{},"f":{},"fnMap":{},"statementMap":{"1":{"start":{"line":0,"column":0},"end":{"line":0,"column":0},"skip":true},"2":{"start":{"line":1,"column":-8},"end":{"line":1,"column":-8}},"3":{"start":{"line":2,"column":7},"end":{"line":2,"column":7}},"4":{"start":{"line":3,"column":7},"end":{"line":3,"column":7}},"5":{"start":{"line":4,"column":7},"end":{"line":4,"column":7}}},"branchMap":{}},"/Users/carlos/Developer/curso-react-redux/soluciones/tema6/src/modules/cart/selectors.js":{"path":"/Users/carlos/Developer/curso-react-redux/soluciones/tema6/src/modules/cart/selectors.js","s":{"1":1,"2":1,"3":1,"4":0,"5":0,"6":0,"7":0,"8":0,"9":0,"10":1,"11":1,"12":2,"13":1,"14":2,"15":1,"16":1,"17":1,"18":1,"19":1,"20":1,"21":1,"22":1,"23":1,"24":1},"b":{"1":[1,0],"2":[0,0]},"f":{"1":0,"2":2,"3":2,"4":1,"5":1,"6":1,"7":1,"8":1,"9":1},"fnMap":{"1":{"name":"(anonymous_1)","line":8,"loc":{"start":{"line":0,"column":0},"end":{"line":0,"column":0},"skip":true},"skip":true},"2":{"name":"cartItems","line":13,"loc":{"start":{"line":4,"column":18},"end":{"line":4,"column":18}}},"3":{"name":"catalogItems","line":18,"loc":{"start":{"line":7,"column":21},"end":{"line":7,"column":21}}},"4":{"name":"mapItems","line":24,"loc":{"start":{"line":14,"column":2},"end":{"line":14,"column":34}}},"5":{"name":"(anonymous_5)","line":25,"loc":{"start":{"line":15,"column":33},"end":{"line":15,"column":46}}},"6":{"name":"(anonymous_6)","line":27,"loc":{"start":{"line":17,"column":35},"end":{"line":17,"column":35}}},"7":{"name":"calculateTotal","line":36,"loc":{"start":{"line":30,"column":2},"end":{"line":30,"column":35}}},"8":{"name":"(anonymous_8)","line":37,"loc":{"start":{"line":31,"column":27},"end":{"line":31,"column":42}}},"9":{"name":"(anonymous_9)","line":45,"loc":{"start":{"line":43,"column":2},"end":{"line":43,"column":20}}}},"statementMap":{"1":{"start":{"line":0,"column":0},"end":{"line":0,"column":0},"skip":true},"2":{"start":{"line":0,"column":0},"end":{"line":0,"column":0},"skip":true},"3":{"start":{"line":0,"column":0},"end":{"line":0,"column":0},"skip":true},"4":{"start":{"line":0,"column":0},"end":{"line":0,"column":0},"skip":true},"5":{"start":{"line":0,"column":0},"end":{"line":0,"column":0},"skip":true},"6":{"start":{"line":0,"column":0},"end":{"line":0,"column":0},"skip":true},"7":{"start":{"line":0,"column":0},"end":{"line":0,"column":0},"skip":true},"8":{"start":{"line":0,"column":0},"end":{"line":0,"column":0},"skip":true},"9":{"start":{"line":0,"column":0},"end":{"line":0,"column":0},"skip":true},"10":{"start":{"line":1,"column":-15},"end":{"line":1,"column":-15}},"11":{"start":{"line":4,"column":0},"end":{"line":4,"column":0}},"12":{"start":{"line":4,"column":18},"end":{"line":4,"column":18}},"13":{"start":{"line":7,"column":0},"end":{"line":7,"column":0}},"14":{"start":{"line":7,"column":21},"end":{"line":7,"column":21}},"15":{"start":{"line":11,"column":0},"end":{"line":11,"column":0}},"16":{"start":{"line":15,"column":4},"end":{"line":15,"column":4}},"17":{"start":{"line":16,"column":6},"end":{"line":16,"column":6}},"18":{"start":{"line":17,"column":35},"end":{"line":17,"column":35}},"19":{"start":{"line":18,"column":6},"end":{"line":18,"column":6}},"20":{"start":{"line":28,"column":0},"end":{"line":28,"column":0}},"21":{"start":{"line":31,"column":4},"end":{"line":31,"column":4}},"22":{"start":{"line":32,"column":6},"end":{"line":32,"column":6}},"23":{"start":{"line":40,"column":7},"end":{"line":40,"column":7}},"24":{"start":{"line":44,"column":4},"end":{"line":44,"column":4}}},"branchMap":{"1":{"line":8,"type":"binary-expr","locations":[{"start":{"line":0,"column":0},"end":{"line":0,"column":0},"skip":true},{"start":{"line":0,"column":0},"end":{"line":0,"column":0},"skip":true}]},"2":{"line":8,"type":"if","locations":[{"start":{"line":0,"column":0},"end":{"line":0,"column":0},"skip":true},{"start":{"line":0,"column":0},"end":{"line":0,"column":0},"skip":true}]}}},"/Users/carlos/Developer/curso-react-redux/soluciones/tema6/src/modules/route/index.js":{"path":"/Users/carlos/Developer/curso-react-redux/soluciones/tema6/src/modules/route/index.js","s":{"1":1,"2":1,"3":1,"4":5,"5":0,"6":5,"7":0,"8":1,"9":1,"10":0,"11":0,"12":0,"13":0,"14":0},"b":{"1":[0,5],"2":[0,0],"3":[0,0],"4":[0,0]},"f":{"1":5,"2":0,"3":0},"fnMap":{"1":{"name":"(anonymous_1)","line":9,"loc":{"start":{"line":2,"column":0},"end":{"line":2,"column":0}}},"2":{"name":"get","line":13,"loc":{"start":{"line":2,"column":0},"end":{"line":2,"column":0}}},"3":{"name":"route","line":19,"loc":{"start":{"line":4,"column":15},"end":{"line":4,"column":54}}}},"statementMap":{"1":{"start":{"line":0,"column":0},"end":{"line":0,"column":0},"skip":true},"2":{"start":{"line":1,"column":-15},"end":{"line":1,"column":-15}},"3":{"start":{"line":2,"column":0},"end":{"line":2,"column":0}},"4":{"start":{"line":2,"column":0},"end":{"line":2,"column":0}},"5":{"start":{"line":2,"column":0},"end":{"line":2,"column":0}},"6":{"start":{"line":2,"column":0},"end":{"line":2,"column":0}},"7":{"start":{"line":2,"column":0},"end":{"line":2,"column":0}},"8":{"start":{"line":0,"column":0},"end":{"line":0,"column":0},"skip":true},"9":{"start":{"line":4,"column":15},"end":{"line":11,"column":1}},"10":{"start":{"line":4,"column":54},"end":{"line":4,"column":54}},"11":{"start":{"line":4,"column":54},"end":{"line":4,"column":54}},"12":{"start":{"line":5,"column":2},"end":{"line":5,"column":2}},"13":{"start":{"line":7,"column":4},"end":{"line":7,"column":4}},"14":{"start":{"line":9,"column":4},"end":{"line":9,"column":4}}},"branchMap":{"1":{"line":10,"type":"if","locations":[{"start":{"line":2,"column":0},"end":{"line":2,"column":0}},{"start":{"line":2,"column":0},"end":{"line":2,"column":0}}]},"2":{"line":20,"type":"cond-expr","locations":[{"start":{"line":4,"column":36},"end":{"line":4,"column":54}},{"start":{"line":4,"column":54},"end":{"line":4,"column":54}}]},"3":{"line":20,"type":"binary-expr","locations":[{"start":{"line":4,"column":54},"end":{"line":4,"column":54}},{"start":{"line":4,"column":54},"end":{"line":4,"column":54}}]},"4":{"line":23,"type":"switch","locations":[{"start":{"line":6,"column":2},"end":{"line":7,"column":4}},{"start":{"line":8,"column":2},"end":{"line":9,"column":4}}]}}},"/Users/carlos/Developer/curso-react-redux/soluciones/tema6/src/modules/route/actions.js":{"path":"/Users/carlos/Developer/curso-react-redux/soluciones/tema6/src/modules/route/actions.js","s":{"1":1,"2":1,"3":1,"4":1,"5":1,"6":1,"7":1,"8":1,"9":1,"10":0,"11":1,"12":0,"13":1,"14":0,"15":1,"16":0,"17":1,"18":0},"b":{},"f":{"1":0,"2":0,"3":0,"4":0,"5":0},"fnMap":{"1":{"name":"setRoute","line":15,"loc":{"start":{"line":4,"column":0},"end":{"line":4,"column":24}}},"2":{"name":"goToCart","line":22,"loc":{"start":{"line":11,"column":7},"end":{"line":11,"column":26}}},"3":{"name":"goToCatalog","line":26,"loc":{"start":{"line":15,"column":7},"end":{"line":15,"column":29}}},"4":{"name":"goToCheckout","line":30,"loc":{"start":{"line":19,"column":7},"end":{"line":19,"column":30}}},"5":{"name":"goToThankYou","line":34,"loc":{"start":{"line":23,"column":7},"end":{"line":23,"column":30}}}},"statementMap":{"1":{"start":{"line":0,"column":0},"end":{"line":0,"column":0},"skip":true},"2":{"start":{"line":0,"column":0},"end":{"line":0,"column":0},"skip":true},"3":{"start":{"line":0,"column":0},"end":{"line":0,"column":0},"skip":true},"4":{"start":{"line":0,"column":0},"end":{"line":0,"column":0},"skip":true},"5":{"start":{"line":0,"column":0},"end":{"line":0,"column":0},"skip":true},"6":{"start":{"line":0,"column":0},"end":{"line":0,"column":0},"skip":true},"7":{"start":{"line":1,"column":-15},"end":{"line":1,"column":-15}},"8":{"start":{"line":3,"column":7},"end":{"line":3,"column":7}},"9":{"start":{"line":4,"column":0},"end":{"line":9,"column":1}},"10":{"start":{"line":5,"column":2},"end":{"line":5,"column":2}},"11":{"start":{"line":11,"column":7},"end":{"line":13,"column":1}},"12":{"start":{"line":12,"column":2},"end":{"line":12,"column":2}},"13":{"start":{"line":15,"column":7},"end":{"line":17,"column":1}},"14":{"start":{"line":16,"column":2},"end":{"line":16,"column":2}},"15":{"start":{"line":19,"column":7},"end":{"line":21,"column":1}},"16":{"start":{"line":20,"column":2},"end":{"line":20,"column":2}},"17":{"start":{"line":23,"column":7},"end":{"line":25,"column":1}},"18":{"start":{"line":24,"column":2},"end":{"line":24,"column":2}}},"branchMap":{}},"/Users/carlos/Developer/curso-react-redux/soluciones/tema6/src/components/ecommerce/header.js":{"path":"/Users/carlos/Developer/curso-react-redux/soluciones/tema6/src/components/ecommerce/header.js","s":{"1":1,"2":1,"3":1,"4":1,"5":1,"6":1,"7":0,"8":1,"9":1},"b":{"1":[0,1],"2":[1,1]},"f":{"1":1,"2":0},"fnMap":{"1":{"name":"_interopRequireDefault","line":11,"loc":{"start":{"line":0,"column":0},"end":{"line":0,"column":0},"skip":true},"skip":true},"2":{"name":"Header","line":14,"loc":{"start":{"line":4,"column":15},"end":{"line":4,"column":15}}}},"statementMap":{"1":{"start":{"line":0,"column":0},"end":{"line":0,"column":0},"skip":true},"2":{"start":{"line":1,"column":-15},"end":{"line":1,"column":-15}},"3":{"start":{"line":0,"column":0},"end":{"line":0,"column":0},"skip":true},"4":{"start":{"line":0,"column":0},"end":{"line":0,"column":0},"skip":true},"5":{"start":{"line":0,"column":0},"end":{"line":0,"column":0},"skip":true},"6":{"start":{"line":4,"column":0},"end":{"line":4,"column":0}},"7":{"start":{"line":4,"column":15},"end":{"line":4,"column":15}},"8":{"start":{"line":9,"column":0},"end":{"line":9,"column":0}},"9":{"start":{"line":0,"column":0},"end":{"line":0,"column":0},"skip":true}},"branchMap":{"1":{"line":11,"type":"cond-expr","locations":[{"start":{"line":0,"column":0},"end":{"line":0,"column":0},"skip":true},{"start":{"line":0,"column":0},"end":{"line":0,"column":0},"skip":true}]},"2":{"line":11,"type":"binary-expr","locations":[{"start":{"line":0,"column":0},"end":{"line":0,"column":0},"skip":true},{"start":{"line":0,"column":0},"end":{"line":0,"column":0},"skip":true}]}}},"/Users/carlos/Developer/curso-react-redux/soluciones/tema6/src/components/ecommerce/cart_item.js":{"path":"/Users/carlos/Developer/curso-react-redux/soluciones/tema6/src/components/ecommerce/cart_item.js","s":{"1":1,"2":1,"3":1,"4":1,"5":4,"6":4,"7":4,"8":4,"9":4,"10":4,"11":1,"12":1,"13":1,"14":1,"15":0,"16":1,"17":1,"18":1,"19":1,"20":1,"21":1,"22":0,"23":0,"24":1,"25":0,"26":0,"27":0,"28":1,"29":1,"30":0,"31":1,"32":1,"33":1,"34":1,"35":1,"36":1,"37":0,"38":0,"39":0,"40":0,"41":0,"42":0,"43":1,"44":0,"45":0,"46":0,"47":0,"48":0,"49":0,"50":0,"51":0,"52":0,"53":0,"54":0,"55":0,"56":0,"57":0,"58":0,"59":0,"60":0,"61":0,"62":0,"63":0,"64":1,"65":1,"66":1},"b":{"1":[4,4],"2":[4,0],"3":[1,0],"4":[0,1],"5":[0,1],"6":[1,1],"7":[0,0],"8":[0,0],"9":[0,0],"10":[0,0,0],"11":[0,1],"12":[1,0],"13":[1,1],"14":[1,0],"15":[1,0]},"f":{"1":1,"2":1,"3":1,"4":1,"5":0,"6":0,"7":1,"8":1,"9":0,"10":0,"11":0,"12":0,"13":0},"fnMap":{"1":{"name":"(anonymous_1)","line":7,"loc":{"start":{"line":0,"column":0},"end":{"line":0,"column":0},"skip":true},"skip":true},"2":{"name":"defineProperties","line":7,"loc":{"start":{"line":0,"column":0},"end":{"line":0,"column":0},"skip":true},"skip":true},"3":{"name":"(anonymous_3)","line":7,"loc":{"start":{"line":0,"column":0},"end":{"line":0,"column":0},"skip":true},"skip":true},"4":{"name":"_interopRequireDefault","line":13,"loc":{"start":{"line":0,"column":0},"end":{"line":0,"column":0},"skip":true},"skip":true},"5":{"name":"_classCallCheck","line":15,"loc":{"start":{"line":0,"column":0},"end":{"line":0,"column":0},"skip":true},"skip":true},"6":{"name":"_possibleConstructorReturn","line":17,"loc":{"start":{"line":0,"column":0},"end":{"line":0,"column":0},"skip":true},"skip":true},"7":{"name":"_inherits","line":19,"loc":{"start":{"line":0,"column":0},"end":{"line":0,"column":0},"skip":true},"skip":true},"8":{"name":"(anonymous_8)","line":23,"loc":{"start":{"line":0,"column":0},"end":{"line":0,"column":0},"skip":true},"skip":true},"9":{"name":"CartItem","line":26,"loc":{"start":{"line":5,"column":2},"end":{"line":5,"column":20}}},"10":{"name":"handleRemove","line":42,"loc":{"start":{"line":0,"column":0},"end":{"line":0,"column":0},"skip":true},"skip":true},"11":{"name":"handleIncQty","line":56,"loc":{"start":{"line":0,"column":0},"end":{"line":0,"column":0},"skip":true},"skip":true},"12":{"name":"handleDecQty","line":72,"loc":{"start":{"line":0,"column":0},"end":{"line":0,"column":0},"skip":true},"skip":true},"13":{"name":"render","line":85,"loc":{"start":{"line":0,"column":0},"end":{"line":0,"column":0},"skip":true},"skip":true}},"statementMap":{"1":{"start":{"line":0,"column":0},"end":{"line":0,"column":0},"skip":true},"2":{"start":{"line":0,"column":0},"end":{"line":0,"column":0},"skip":true},"3":{"start":{"line":0,"column":0},"end":{"line":0,"column":0},"skip":true},"4":{"start":{"line":0,"column":0},"end":{"line":0,"column":0},"skip":true},"5":{"start":{"line":0,"column":0},"end":{"line":0,"column":0},"skip":true},"6":{"start":{"line":0,"column":0},"end":{"line":0,"column":0},"skip":true},"7":{"start":{"line":0,"column":0},"end":{"line":0,"column":0},"skip":true},"8":{"start":{"line":0,"column":0},"end":{"line":0,"column":0},"skip":true},"9":{"start":{"line":0,"column":0},"end":{"line":0,"column":0},"skip":true},"10":{"start":{"line":0,"column":0},"end":{"line":0,"column":0},"skip":true},"11":{"start":{"line":0,"column":0},"end":{"line":0,"column":0},"skip":true},"12":{"start":{"line":0,"column":0},"end":{"line":0,"column":0},"skip":true},"13":{"start":{"line":0,"column":0},"end":{"line":0,"column":0},"skip":true},"14":{"start":{"line":0,"column":0},"end":{"line":0,"column":0},"skip":true},"15":{"start":{"line":0,"column":0},"end":{"line":0,"column":0},"skip":true},"16":{"start":{"line":0,"column":0},"end":{"line":0,"column":0},"skip":true},"17":{"start":{"line":1,"column":-15},"end":{"line":1,"column":-15}},"18":{"start":{"line":0,"column":0},"end":{"line":0,"column":0},"skip":true},"19":{"start":{"line":0,"column":0},"end":{"line":0,"column":0},"skip":true},"20":{"start":{"line":0,"column":0},"end":{"line":0,"column":0},"skip":true},"21":{"start":{"line":0,"column":0},"end":{"line":0,"column":0},"skip":true},"22":{"start":{"line":0,"column":0},"end":{"line":0,"column":0},"skip":true},"23":{"start":{"line":0,"column":0},"end":{"line":0,"column":0},"skip":true},"24":{"start":{"line":0,"column":0},"end":{"line":0,"column":0},"skip":true},"25":{"start":{"line":0,"column":0},"end":{"line":0,"column":0},"skip":true},"26":{"start":{"line":0,"column":0},"end":{"line":0,"column":0},"skip":true},"27":{"start":{"line":0,"column":0},"end":{"line":0,"column":0},"skip":true},"28":{"start":{"line":0,"column":0},"end":{"line":0,"column":0},"skip":true},"29":{"start":{"line":0,"column":0},"end":{"line":0,"column":0},"skip":true},"30":{"start":{"line":0,"column":0},"end":{"line":0,"column":0},"skip":true},"31":{"start":{"line":0,"column":0},"end":{"line":0,"column":0},"skip":true},"32":{"start":{"line":0,"column":0},"end":{"line":0,"column":0},"skip":true},"33":{"start":{"line":0,"column":0},"end":{"line":0,"column":0},"skip":true},"34":{"start":{"line":0,"column":0},"end":{"line":0,"column":0},"skip":true},"35":{"start":{"line":0,"column":0},"end":{"line":0,"column":0},"skip":true},"36":{"start":{"line":5,"column":2},"end":{"line":10,"column":3}},"37":{"start":{"line":5,"column":20},"end":{"line":5,"column":20}},"38":{"start":{"line":5,"column":20},"end":{"line":5,"column":20}},"39":{"start":{"line":7,"column":4},"end":{"line":7,"column":4}},"40":{"start":{"line":8,"column":4},"end":{"line":8,"column":4}},"41":{"start":{"line":9,"column":4},"end":{"line":9,"column":4}},"42":{"start":{"line":5,"column":20},"end":{"line":5,"column":20}},"43":{"start":{"line":0,"column":0},"end":{"line":0,"column":0},"skip":true},"44":{"start":{"line":13,"column":17},"end":{"line":13,"column":17}},"45":{"start":{"line":15,"column":4},"end":{"line":15,"column":4}},"46":{"start":{"line":16,"column":4},"end":{"line":16,"column":4}},"47":{"start":{"line":23,"column":17},"end":{"line":23,"column":17}},"48":{"start":{"line":23,"column":17},"end":{"line":23,"column":17}},"49":{"start":{"line":23,"column":17},"end":{"line":23,"column":17}},"50":{"start":{"line":25,"column":4},"end":{"line":25,"column":4}},"51":{"start":{"line":26,"column":4},"end":{"line":26,"column":4}},"52":{"start":{"line":33,"column":17},"end":{"line":33,"column":17}},"53":{"start":{"line":33,"column":17},"end":{"line":33,"column":17}},"54":{"start":{"line":33,"column":17},"end":{"line":33,"column":17}},"55":{"start":{"line":35,"column":4},"end":{"line":35,"column":4}},"56":{"start":{"line":36,"column":4},"end":{"line":36,"column":4}},"57":{"start":{"line":42,"column":10},"end":{"line":42,"column":10}},"58":{"start":{"line":42,"column":10},"end":{"line":42,"column":10}},"59":{"start":{"line":42,"column":10},"end":{"line":42,"column":10}},"60":{"start":{"line":42,"column":10},"end":{"line":42,"column":10}},"61":{"start":{"line":43,"column":10},"end":{"line":43,"column":10}},"62":{"start":{"line":44,"column":10},"end":{"line":44,"column":10}},"63":{"start":{"line":46,"column":4},"end":{"line":46,"column":4}},"64":{"start":{"line":0,"column":0},"end":{"line":0,"column":0},"skip":true},"65":{"start":{"line":65,"column":0},"end":{"line":65,"column":0}},"66":{"start":{"line":0,"column":0},"end":{"line":0,"column":0},"skip":true}},"branchMap":{"1":{"line":7,"type":"binary-expr","locations":[{"start":{"line":0,"column":0},"end":{"line":0,"column":0},"skip":true},{"start":{"line":0,"column":0},"end":{"line":0,"column":0},"skip":true}]},"2":{"line":7,"type":"if","locations":[{"start":{"line":0,"column":0},"end":{"line":0,"column":0},"skip":true},{"start":{"line":0,"column":0},"end":{"line":0,"column":0},"skip":true}]},"3":{"line":7,"type":"if","locations":[{"start":{"line":0,"column":0},"end":{"line":0,"column":0},"skip":true},{"start":{"line":0,"column":0},"end":{"line":0,"column":0},"skip":true}]},"4":{"line":7,"type":"if","locations":[{"start":{"line":0,"column":0},"end":{"line":0,"column":0},"skip":true},{"start":{"line":0,"column":0},"end":{"line":0,"column":0},"skip":true}]},"5":{"line":13,"type":"cond-expr","locations":[{"start":{"line":0,"column":0},"end":{"line":0,"column":0},"skip":true},{"start":{"line":0,"column":0},"end":{"line":0,"column":0},"skip":true}]},"6":{"line":13,"type":"binary-expr","locations":[{"start":{"line":0,"column":0},"end":{"line":0,"column":0},"skip":true},{"start":{"line":0,"column":0},"end":{"line":0,"column":0},"skip":true}]},"7":{"line":15,"type":"if","locations":[{"start":{"line":0,"column":0},"end":{"line":0,"column":0},"skip":true},{"start":{"line":0,"column":0},"end":{"line":0,"column":0},"skip":true}]},"8":{"line":17,"type":"if","locations":[{"start":{"line":0,"column":0},"end":{"line":0,"column":0},"skip":true},{"start":{"line":0,"column":0},"end":{"line":0,"column":0},"skip":true}]},"9":{"line":17,"type":"cond-expr","locations":[{"start":{"line":0,"column":0},"end":{"line":0,"column":0},"skip":true},{"start":{"line":0,"column":0},"end":{"line":0,"column":0},"skip":true}]},"10":{"line":17,"type":"binary-expr","locations":[{"start":{"line":0,"column":0},"end":{"line":0,"column":0},"skip":true},{"start":{"line":0,"column":0},"end":{"line":0,"column":0},"skip":true},{"start":{"line":0,"column":0},"end":{"line":0,"column":0},"skip":true}]},"11":{"line":19,"type":"if","locations":[{"start":{"line":0,"column":0},"end":{"line":0,"column":0},"skip":true},{"start":{"line":0,"column":0},"end":{"line":0,"column":0},"skip":true}]},"12":{"line":19,"type":"binary-expr","locations":[{"start":{"line":0,"column":0},"end":{"line":0,"column":0},"skip":true},{"start":{"line":0,"column":0},"end":{"line":0,"column":0},"skip":true}]},"13":{"line":19,"type":"binary-expr","locations":[{"start":{"line":0,"column":0},"end":{"line":0,"column":0},"skip":true},{"start":{"line":0,"column":0},"end":{"line":0,"column":0},"skip":true}]},"14":{"line":19,"type":"if","locations":[{"start":{"line":0,"column":0},"end":{"line":0,"column":0},"skip":true},{"start":{"line":0,"column":0},"end":{"line":0,"column":0},"skip":true}]},"15":{"line":19,"type":"cond-expr","locations":[{"start":{"line":0,"column":0},"end":{"line":0,"column":0},"skip":true},{"start":{"line":0,"column":0},"end":{"line":0,"column":0},"skip":true}]}}},"/Users/carlos/Developer/curso-react-redux/soluciones/tema6/src/components/ecommerce/catalog.js":{"path":"/Users/carlos/Developer/curso-react-redux/soluciones/tema6/src/components/ecommerce/catalog.js","s":{"1":1,"2":1,"3":1,"4":1,"5":1,"6":3,"7":3,"8":3,"9":3,"10":3,"11":3,"12":1,"13":1,"14":1,"15":1,"16":0,"17":1,"18":1,"19":1,"20":1,"21":1,"22":1,"23":1,"24":1,"25":1,"26":1,"27":1,"28":1,"29":1,"30":1,"31":1,"32":4,"33":1,"34":7,"35":0,"36":1,"37":7,"38":0,"39":7,"40":1,"41":1,"42":0,"43":1,"44":1,"45":1,"46":1,"47":1,"48":1,"49":7,"50":7,"51":7,"52":7,"53":1,"54":2,"55":1,"56":1,"57":1,"58":7,"59":7,"60":6,"61":7,"62":1,"63":1,"64":1,"65":1,"66":0,"67":1},"b":{"1":[3,3],"2":[3,0],"3":[1,0],"4":[0,1],"5":[2,2],"6":[4,4],"7":[0,7],"8":[0,7],"9":[0,7],"10":[7,0,0],"11":[0,1],"12":[1,0],"13":[1,1],"14":[1,0],"15":[1,0],"16":[1,1],"17":[1,6],"18":[7,7],"19":[1,6]},"f":{"1":1,"2":1,"3":1,"4":4,"5":7,"6":7,"7":1,"8":1,"9":7,"10":2,"11":1,"12":7,"13":6,"14":0,"15":0,"16":0,"17":0},"fnMap":{"1":{"name":"(anonymous_1)","line":8,"loc":{"start":{"line":0,"column":0},"end":{"line":0,"column":0},"skip":true},"skip":true},"2":{"name":"defineProperties","line":8,"loc":{"start":{"line":0,"column":0},"end":{"line":0,"column":0},"skip":true},"skip":true},"3":{"name":"(anonymous_3)","line":8,"loc":{"start":{"line":0,"column":0},"end":{"line":0,"column":0},"skip":true},"skip":true},"4":{"name":"_interopRequireDefault","line":36,"loc":{"start":{"line":0,"column":0},"end":{"line":0,"column":0},"skip":true},"skip":true},"5":{"name":"_classCallCheck","line":38,"loc":{"start":{"line":0,"column":0},"end":{"line":0,"column":0},"skip":true},"skip":true},"6":{"name":"_possibleConstructorReturn","line":40,"loc":{"start":{"line":0,"column":0},"end":{"line":0,"column":0},"skip":true},"skip":true},"7":{"name":"_inherits","line":42,"loc":{"start":{"line":0,"column":0},"end":{"line":0,"column":0},"skip":true},"skip":true},"8":{"name":"(anonymous_8)","line":46,"loc":{"start":{"line":0,"column":0},"end":{"line":0,"column":0},"skip":true},"skip":true},"9":{"name":"Catalog","line":49,"loc":{"start":{"line":13,"column":2},"end":{"line":13,"column":20}}},"10":{"name":"componentDidMount","line":63,"loc":{"start":{"line":0,"column":0},"end":{"line":0,"column":0},"skip":true},"skip":true},"11":{"name":"handleAddToCart","line":71,"loc":{"start":{"line":0,"column":0},"end":{"line":0,"column":0},"skip":true},"skip":true},"12":{"name":"render","line":79,"loc":{"start":{"line":0,"column":0},"end":{"line":0,"column":0},"skip":true},"skip":true},"13":{"name":"(anonymous_13)","line":82,"loc":{"start":{"line":34,"column":39},"end":{"line":34,"column":39}}},"14":{"name":"fetchProducts","line":121,"loc":{"start":{"line":68,"column":17},"end":{"line":68,"column":23}}},"15":{"name":"push","line":122,"loc":{"start":{"line":69,"column":8},"end":{"line":69,"column":14}}},"16":{"name":"addToCart","line":123,"loc":{"start":{"line":70,"column":13},"end":{"line":70,"column":19}}},"17":{"name":"mapStateToProps","line":125,"loc":{"start":{"line":72,"column":24},"end":{"line":72,"column":35}}}},"statementMap":{"1":{"start":{"line":0,"column":0},"end":{"line":0,"column":0},"skip":true},"2":{"start":{"line":0,"column":0},"end":{"line":0,"column":0},"skip":true},"3":{"start":{"line":0,"column":0},"end":{"line":0,"column":0},"skip":true},"4":{"start":{"line":0,"column":0},"end":{"line":0,"column":0},"skip":true},"5":{"start":{"line":0,"column":0},"end":{"line":0,"column":0},"skip":true},"6":{"start":{"line":0,"column":0},"end":{"line":0,"column":0},"skip":true},"7":{"start":{"line":0,"column":0},"end":{"line":0,"column":0},"skip":true},"8":{"start":{"line":0,"column":0},"end":{"line":0,"column":0},"skip":true},"9":{"start":{"line":0,"column":0},"end":{"line":0,"column":0},"skip":true},"10":{"start":{"line":0,"column":0},"end":{"line":0,"column":0},"skip":true},"11":{"start":{"line":0,"column":0},"end":{"line":0,"column":0},"skip":true},"12":{"start":{"line":0,"column":0},"end":{"line":0,"column":0},"skip":true},"13":{"start":{"line":0,"column":0},"end":{"line":0,"column":0},"skip":true},"14":{"start":{"line":0,"column":0},"end":{"line":0,"column":0},"skip":true},"15":{"start":{"line":0,"column":0},"end":{"line":0,"column":0},"skip":true},"16":{"start":{"line":0,"column":0},"end":{"line":0,"column":0},"skip":true},"17":{"start":{"line":0,"column":0},"end":{"line":0,"column":0},"skip":true},"18":{"start":{"line":1,"column":-15},"end":{"line":1,"column":-15}},"19":{"start":{"line":0,"column":0},"end":{"line":0,"column":0},"skip":true},"20":{"start":{"line":2,"column":0},"end":{"line":2,"column":0}},"21":{"start":{"line":3,"column":0},"end":{"line":3,"column":0}},"22":{"start":{"line":4,"column":0},"end":{"line":4,"column":0}},"23":{"start":{"line":5,"column":0},"end":{"line":5,"column":0}},"24":{"start":{"line":6,"column":0},"end":{"line":6,"column":0}},"25":{"start":{"line":7,"column":0},"end":{"line":7,"column":0}},"26":{"start":{"line":0,"column":0},"end":{"line":0,"column":0},"skip":true},"27":{"start":{"line":8,"column":0},"end":{"line":8,"column":0}},"28":{"start":{"line":0,"column":0},"end":{"line":0,"column":0},"skip":true},"29":{"start":{"line":9,"column":0},"end":{"line":9,"column":0}},"30":{"start":{"line":0,"column":0},"end":{"line":0,"column":0},"skip":true},"31":{"start":{"line":0,"column":0},"end":{"line":0,"column":0},"skip":true},"32":{"start":{"line":0,"column":0},"end":{"line":0,"column":0},"skip":true},"33":{"start":{"line":0,"column":0},"end":{"line":0,"column":0},"skip":true},"34":{"start":{"line":0,"column":0},"end":{"line":0,"column":0},"skip":true},"35":{"start":{"line":0,"column":0},"end":{"line":0,"column":0},"skip":true},"36":{"start":{"line":0,"column":0},"end":{"line":0,"column":0},"skip":true},"37":{"start":{"line":0,"column":0},"end":{"line":0,"column":0},"skip":true},"38":{"start":{"line":0,"column":0},"end":{"line":0,"column":0},"skip":true},"39":{"start":{"line":0,"column":0},"end":{"line":0,"column":0},"skip":true},"40":{"start":{"line":0,"column":0},"end":{"line":0,"column":0},"skip":true},"41":{"start":{"line":0,"column":0},"end":{"line":0,"column":0},"skip":true},"42":{"start":{"line":0,"column":0},"end":{"line":0,"column":0},"skip":true},"43":{"start":{"line":0,"column":0},"end":{"line":0,"column":0},"skip":true},"44":{"start":{"line":0,"column":0},"end":{"line":0,"column":0},"skip":true},"45":{"start":{"line":0,"column":0},"end":{"line":0,"column":0},"skip":true},"46":{"start":{"line":0,"column":0},"end":{"line":0,"column":0},"skip":true},"47":{"start":{"line":0,"column":0},"end":{"line":0,"column":0},"skip":true},"48":{"start":{"line":13,"column":2},"end":{"line":16,"column":3}},"49":{"start":{"line":13,"column":20},"end":{"line":13,"column":20}},"50":{"start":{"line":13,"column":20},"end":{"line":13,"column":20}},"51":{"start":{"line":15,"column":4},"end":{"line":15,"column":4}},"52":{"start":{"line":13,"column":20},"end":{"line":13,"column":20}},"53":{"start":{"line":0,"column":0},"end":{"line":0,"column":0},"skip":true},"54":{"start":{"line":21,"column":4},"end":{"line":23,"column":5}},"55":{"start":{"line":22,"column":6},"end":{"line":22,"column":6}},"56":{"start":{"line":28,"column":4},"end":{"line":28,"column":4}},"57":{"start":{"line":30,"column":4},"end":{"line":30,"column":4}},"58":{"start":{"line":33,"column":10},"end":{"line":33,"column":10}},"59":{"start":{"line":34,"column":4},"end":{"line":34,"column":4}},"60":{"start":{"line":34,"column":39},"end":{"line":34,"column":39}},"61":{"start":{"line":37,"column":4},"end":{"line":37,"column":4}},"62":{"start":{"line":0,"column":0},"end":{"line":0,"column":0},"skip":true},"63":{"start":{"line":50,"column":0},"end":{"line":50,"column":0}},"64":{"start":{"line":62,"column":0},"end":{"line":62,"column":0}},"65":{"start":{"line":72,"column":0},"end":{"line":72,"column":0}},"66":{"start":{"line":73,"column":2},"end":{"line":73,"column":2}},"67":{"start":{"line":0,"column":0},"end":{"line":0,"column":0},"skip":true}},"branchMap":{"1":{"line":8,"type":"binary-expr","locations":[{"start":{"line":0,"column":0},"end":{"line":0,"column":0},"skip":true},{"start":{"line":0,"column":0},"end":{"line":0,"column":0},"skip":true}]},"2":{"line":8,"type":"if","locations":[{"start":{"line":0,"column":0},"end":{"line":0,"column":0},"skip":true},{"start":{"line":0,"column":0},"end":{"line":0,"column":0},"skip":true}]},"3":{"line":8,"type":"if","locations":[{"start":{"line":0,"column":0},"end":{"line":0,"column":0},"skip":true},{"start":{"line":0,"column":0},"end":{"line":0,"column":0},"skip":true}]},"4":{"line":8,"type":"if","locations":[{"start":{"line":0,"column":0},"end":{"line":0,"column":0},"skip":true},{"start":{"line":0,"column":0},"end":{"line":0,"column":0},"skip":true}]},"5":{"line":36,"type":"cond-expr","locations":[{"start":{"line":0,"column":0},"end":{"line":0,"column":0},"skip":true},{"start":{"line":0,"column":0},"end":{"line":0,"column":0},"skip":true}]},"6":{"line":36,"type":"binary-expr","locations":[{"start":{"line":0,"column":0},"end":{"line":0,"column":0},"skip":true},{"start":{"line":0,"column":0},"end":{"line":0,"column":0},"skip":true}]},"7":{"line":38,"type":"if","locations":[{"start":{"line":0,"column":0},"end":{"line":0,"column":0},"skip":true},{"start":{"line":0,"column":0},"end":{"line":0,"column":0},"skip":true}]},"8":{"line":40,"type":"if","locations":[{"start":{"line":0,"column":0},"end":{"line":0,"column":0},"skip":true},{"start":{"line":0,"column":0},"end":{"line":0,"column":0},"skip":true}]},"9":{"line":40,"type":"cond-expr","locations":[{"start":{"line":0,"column":0},"end":{"line":0,"column":0},"skip":true},{"start":{"line":0,"column":0},"end":{"line":0,"column":0},"skip":true}]},"10":{"line":40,"type":"binary-expr","locations":[{"start":{"line":0,"column":0},"end":{"line":0,"column":0},"skip":true},{"start":{"line":0,"column":0},"end":{"line":0,"column":0},"skip":true},{"start":{"line":0,"column":0},"end":{"line":0,"column":0},"skip":true}]},"11":{"line":42,"type":"if","locations":[{"start":{"line":0,"column":0},"end":{"line":0,"column":0},"skip":true},{"start":{"line":0,"column":0},"end":{"line":0,"column":0},"skip":true}]},"12":{"line":42,"type":"binary-expr","locations":[{"start":{"line":0,"column":0},"end":{"line":0,"column":0},"skip":true},{"start":{"line":0,"column":0},"end":{"line":0,"column":0},"skip":true}]},"13":{"line":42,"type":"binary-expr","locations":[{"start":{"line":0,"column":0},"end":{"line":0,"column":0},"skip":true},{"start":{"line":0,"column":0},"end":{"line":0,"column":0},"skip":true}]},"14":{"line":42,"type":"if","locations":[{"start":{"line":0,"column":0},"end":{"line":0,"column":0},"skip":true},{"start":{"line":0,"column":0},"end":{"line":0,"column":0},"skip":true}]},"15":{"line":42,"type":"cond-expr","locations":[{"start":{"line":0,"column":0},"end":{"line":0,"column":0},"skip":true},{"start":{"line":0,"column":0},"end":{"line":0,"column":0},"skip":true}]},"16":{"line":65,"type":"if","locations":[{"start":{"line":21,"column":4},"end":{"line":21,"column":4}},{"start":{"line":21,"column":4},"end":{"line":21,"column":4}}]},"17":{"line":93,"type":"cond-expr","locations":[{"start":{"line":41,"column":12},"end":{"line":41,"column":12}},{"start":{"line":41,"column":118},"end":{"line":40,"column":8}}]},"18":{"line":93,"type":"binary-expr","locations":[{"start":{"line":41,"column":12},"end":{"line":41,"column":12}},{"start":{"line":41,"column":32},"end":{"line":41,"column":12}}]},"19":{"line":94,"type":"cond-expr","locations":[{"start":{"line":42,"column":36},"end":{"line":42,"column":12}},{"start":{"line":42,"column":52},"end":{"line":42,"column":52}}]}}},"/Users/carlos/Developer/curso-react-redux/soluciones/tema6/src/lib/api.js":{"path":"/Users/carlos/Developer/curso-react-redux/soluciones/tema6/src/lib/api.js","s":{"1":1,"2":1,"3":1,"4":1,"5":1,"6":1,"7":0,"8":1,"9":2},"b":{"1":[1,0]},"f":{"1":1,"2":2},"fnMap":{"1":{"name":"handleResponse","line":10,"loc":{"start":{"line":4,"column":0},"end":{"line":4,"column":33}}},"2":{"name":"get","line":20,"loc":{"start":{"line":14,"column":7},"end":{"line":14,"column":24}}}},"statementMap":{"1":{"start":{"line":0,"column":0},"end":{"line":0,"column":0},"skip":true},"2":{"start":{"line":0,"column":0},"end":{"line":0,"column":0},"skip":true},"3":{"start":{"line":1,"column":-15},"end":{"line":1,"column":-15}},"4":{"start":{"line":4,"column":0},"end":{"line":12,"column":1}},"5":{"start":{"line":5,"column":2},"end":{"line":7,"column":3}},"6":{"start":{"line":6,"column":4},"end":{"line":6,"column":4}},"7":{"start":{"line":8,"column":2},"end":{"line":8,"column":2}},"8":{"start":{"line":14,"column":7},"end":{"line":17,"column":1}},"9":{"start":{"line":15,"column":2},"end":{"line":15,"column":2}}},"branchMap":{"1":{"line":11,"type":"if","locations":[{"start":{"line":5,"column":2},"end":{"line":5,"column":2}},{"start":{"line":5,"column":2},"end":{"line":5,"column":2}}]}}},"/Users/carlos/Developer/curso-react-redux/soluciones/tema6/src/modules/catalog/index.js":{"path":"/Users/carlos/Developer/curso-react-redux/soluciones/tema6/src/modules/catalog/index.js","s":{"1":1,"2":1,"3":0,"4":0,"5":0,"6":0,"7":0,"8":0,"9":1,"10":1,"11":4,"12":0,"13":4,"14":10,"15":1,"16":1,"17":2,"18":2,"19":6,"20":2,"21":0,"22":1,"23":1,"24":6,"25":6,"26":6,"27":1,"28":2,"29":1,"30":2},"b":{"1":[1,0],"2":[0,0],"3":[0,4],"4":[2,0],"5":[2,4],"6":[6,6],"7":[1,2,1,2]},"f":{"1":0,"2":4,"3":10,"4":2,"5":6},"fnMap":{"1":{"name":"(anonymous_1)","line":7,"loc":{"start":{"line":0,"column":0},"end":{"line":0,"column":0},"skip":true},"skip":true},"2":{"name":"(anonymous_2)","line":11,"loc":{"start":{"line":2,"column":0},"end":{"line":2,"column":0}}},"3":{"name":"get","line":15,"loc":{"start":{"line":2,"column":0},"end":{"line":2,"column":0}}},"4":{"name":"_toConsumableArray","line":22,"loc":{"start":{"line":0,"column":0},"end":{"line":0,"column":0},"skip":true},"skip":true},"5":{"name":"catalog","line":30,"loc":{"start":{"line":10,"column":15},"end":{"line":10,"column":59}}}},"statementMap":{"1":{"start":{"line":0,"column":0},"end":{"line":0,"column":0},"skip":true},"2":{"start":{"line":0,"column":0},"end":{"line":0,"column":0},"skip":true},"3":{"start":{"line":0,"column":0},"end":{"line":0,"column":0},"skip":true},"4":{"start":{"line":0,"column":0},"end":{"line":0,"column":0},"skip":true},"5":{"start":{"line":0,"column":0},"end":{"line":0,"column":0},"skip":true},"6":{"start":{"line":0,"column":0},"end":{"line":0,"column":0},"skip":true},"7":{"start":{"line":0,"column":0},"end":{"line":0,"column":0},"skip":true},"8":{"start":{"line":0,"column":0},"end":{"line":0,"column":0},"skip":true},"9":{"start":{"line":1,"column":-15},"end":{"line":1,"column":-15}},"10":{"start":{"line":2,"column":0},"end":{"line":2,"column":0}},"11":{"start":{"line":2,"column":0},"end":{"line":2,"column":0}},"12":{"start":{"line":2,"column":0},"end":{"line":2,"column":0}},"13":{"start":{"line":2,"column":0},"end":{"line":2,"column":0}},"14":{"start":{"line":2,"column":0},"end":{"line":2,"column":0}},"15":{"start":{"line":0,"column":0},"end":{"line":0,"column":0},"skip":true},"16":{"start":{"line":0,"column":0},"end":{"line":0,"column":0},"skip":true},"17":{"start":{"line":0,"column":0},"end":{"line":0,"column":0},"skip":true},"18":{"start":{"line":0,"column":0},"end":{"line":0,"column":0},"skip":true},"19":{"start":{"line":0,"column":0},"end":{"line":0,"column":0},"skip":true},"20":{"start":{"line":0,"column":0},"end":{"line":0,"column":0},"skip":true},"21":{"start":{"line":0,"column":0},"end":{"line":0,"column":0},"skip":true},"22":{"start":{"line":4,"column":0},"end":{"line":4,"column":0}},"23":{"start":{"line":10,"column":15},"end":{"line":32,"column":1}},"24":{"start":{"line":10,"column":59},"end":{"line":10,"column":59}},"25":{"start":{"line":10,"column":59},"end":{"line":10,"column":59}},"26":{"start":{"line":11,"column":2},"end":{"line":11,"column":2}},"27":{"start":{"line":13,"column":4},"end":{"line":13,"column":4}},"28":{"start":{"line":18,"column":4},"end":{"line":18,"column":4}},"29":{"start":{"line":24,"column":4},"end":{"line":24,"column":4}},"30":{"start":{"line":30,"column":4},"end":{"line":30,"column":4}}},"branchMap":{"1":{"line":7,"type":"binary-expr","locations":[{"start":{"line":0,"column":0},"end":{"line":0,"column":0},"skip":true},{"start":{"line":0,"column":0},"end":{"line":0,"column":0},"skip":true}]},"2":{"line":7,"type":"if","locations":[{"start":{"line":0,"column":0},"end":{"line":0,"column":0},"skip":true},{"start":{"line":0,"column":0},"end":{"line":0,"column":0},"skip":true}]},"3":{"line":12,"type":"if","locations":[{"start":{"line":2,"column":0},"end":{"line":2,"column":0}},{"start":{"line":2,"column":0},"end":{"line":2,"column":0}}]},"4":{"line":22,"type":"if","locations":[{"start":{"line":0,"column":0},"end":{"line":0,"column":0},"skip":true},{"start":{"line":0,"column":0},"end":{"line":0,"column":0},"skip":true}]},"5":{"line":31,"type":"cond-expr","locations":[{"start":{"line":10,"column":38},"end":{"line":10,"column":59}},{"start":{"line":10,"column":59},"end":{"line":10,"column":59}}]},"6":{"line":31,"type":"binary-expr","locations":[{"start":{"line":10,"column":59},"end":{"line":10,"column":59}},{"start":{"line":10,"column":59},"end":{"line":10,"column":59}}]},"7":{"line":34,"type":"switch","locations":[{"start":{"line":12,"column":2},"end":{"line":13,"column":4}},{"start":{"line":17,"column":2},"end":{"line":18,"column":4}},{"start":{"line":23,"column":2},"end":{"line":24,"column":4}},{"start":{"line":29,"column":2},"end":{"line":30,"column":4}}]}}},"/Users/carlos/Developer/curso-react-redux/soluciones/tema6/src/modules/catalog/actions.js":{"path":"/Users/carlos/Developer/curso-react-redux/soluciones/tema6/src/modules/catalog/actions.js","s":{"1":1,"2":1,"3":1,"4":1,"5":1,"6":1,"7":1,"8":1,"9":2,"10":2,"11":2,"12":1,"13":1,"14":1},"b":{},"f":{"1":2,"2":2,"3":1,"4":1},"fnMap":{"1":{"name":"fetchProducts","line":14,"loc":{"start":{"line":6,"column":7},"end":{"line":6,"column":31}}},"2":{"name":"(anonymous_2)","line":15,"loc":{"start":{"line":7,"column":9},"end":{"line":7,"column":33}}},"3":{"name":"(anonymous_3)","line":22,"loc":{"start":{"line":15,"column":10},"end":{"line":15,"column":22}}},"4":{"name":"(anonymous_4)","line":27,"loc":{"start":{"line":21,"column":11},"end":{"line":21,"column":18}}}},"statementMap":{"1":{"start":{"line":0,"column":0},"end":{"line":0,"column":0},"skip":true},"2":{"start":{"line":0,"column":0},"end":{"line":0,"column":0},"skip":true},"3":{"start":{"line":0,"column":0},"end":{"line":0,"column":0},"skip":true},"4":{"start":{"line":1,"column":-15},"end":{"line":1,"column":-15}},"5":{"start":{"line":3,"column":7},"end":{"line":3,"column":7}},"6":{"start":{"line":4,"column":7},"end":{"line":4,"column":7}},"7":{"start":{"line":5,"column":7},"end":{"line":5,"column":7}},"8":{"start":{"line":6,"column":7},"end":{"line":29,"column":1}},"9":{"start":{"line":7,"column":2},"end":{"line":7,"column":2}},"10":{"start":{"line":9,"column":4},"end":{"line":9,"column":4}},"11":{"start":{"line":14,"column":4},"end":{"line":14,"column":4}},"12":{"start":{"line":16,"column":6},"end":{"line":16,"column":6}},"13":{"start":{"line":22,"column":6},"end":{"line":22,"column":6}},"14":{"start":{"line":26,"column":6},"end":{"line":26,"column":6}}},"branchMap":{}},"/Users/carlos/Developer/curso-react-redux/soluciones/tema6/src/data/shopping_cart.js":{"path":"/Users/carlos/Developer/curso-react-redux/soluciones/tema6/src/data/shopping_cart.js","s":{"1":1},"b":{},"f":{},"fnMap":{},"statementMap":{"1":{"start":{"line":1,"column":-15},"end":{"line":1,"column":-15}}},"branchMap":{}},"/Users/carlos/Developer/curso-react-redux/soluciones/tema6/src/components/ecommerce/catalog_item.js":{"path":"/Users/carlos/Developer/curso-react-redux/soluciones/tema6/src/components/ecommerce/catalog_item.js","s":{"1":1,"2":1,"3":1,"4":1,"5":2,"6":2,"7":2,"8":2,"9":2,"10":2,"11":1,"12":1,"13":1,"14":1,"15":0,"16":1,"17":1,"18":1,"19":1,"20":1,"21":1,"22":0,"23":0,"24":1,"25":0,"26":0,"27":0,"28":1,"29":1,"30":0,"31":1,"32":1,"33":1,"34":1,"35":1,"36":1,"37":0,"38":0,"39":0,"40":0,"41":1,"42":0,"43":0,"44":0,"45":0,"46":0,"47":0,"48":0,"49":1,"50":1,"51":1},"b":{"1":[2,2],"2":[2,0],"3":[1,0],"4":[0,1],"5":[0,1],"6":[1,1],"7":[0,0],"8":[0,0],"9":[0,0],"10":[0,0,0],"11":[0,1],"12":[1,0],"13":[1,1],"14":[1,0],"15":[1,0]},"f":{"1":1,"2":1,"3":1,"4":1,"5":0,"6":0,"7":1,"8":1,"9":0,"10":0,"11":0},"fnMap":{"1":{"name":"(anonymous_1)","line":7,"loc":{"start":{"line":0,"column":0},"end":{"line":0,"column":0},"skip":true},"skip":true},"2":{"name":"defineProperties","line":7,"loc":{"start":{"line":0,"column":0},"end":{"line":0,"column":0},"skip":true},"skip":true},"3":{"name":"(anonymous_3)","line":7,"loc":{"start":{"line":0,"column":0},"end":{"line":0,"column":0},"skip":true},"skip":true},"4":{"name":"_interopRequireDefault","line":13,"loc":{"start":{"line":0,"column":0},"end":{"line":0,"column":0},"skip":true},"skip":true},"5":{"name":"_classCallCheck","line":15,"loc":{"start":{"line":0,"column":0},"end":{"line":0,"column":0},"skip":true},"skip":true},"6":{"name":"_possibleConstructorReturn","line":17,"loc":{"start":{"line":0,"column":0},"end":{"line":0,"column":0},"skip":true},"skip":true},"7":{"name":"_inherits","line":19,"loc":{"start":{"line":0,"column":0},"end":{"line":0,"column":0},"skip":true},"skip":true},"8":{"name":"(anonymous_8)","line":23,"loc":{"start":{"line":0,"column":0},"end":{"line":0,"column":0},"skip":true},"skip":true},"9":{"name":"CatalogItem","line":26,"loc":{"start":{"line":5,"column":2},"end":{"line":5,"column":20}}},"10":{"name":"handleAddToCart","line":37,"loc":{"start":{"line":0,"column":0},"end":{"line":0,"column":0},"skip":true},"skip":true},"11":{"name":"render","line":43,"loc":{"start":{"line":0,"column":0},"end":{"line":0,"column":0},"skip":true},"skip":true}},"statementMap":{"1":{"start":{"line":0,"column":0},"end":{"line":0,"column":0},"skip":true},"2":{"start":{"line":0,"column":0},"end":{"line":0,"column":0},"skip":true},"3":{"start":{"line":0,"column":0},"end":{"line":0,"column":0},"skip":true},"4":{"start":{"line":0,"column":0},"end":{"line":0,"column":0},"skip":true},"5":{"start":{"line":0,"column":0},"end":{"line":0,"column":0},"skip":true},"6":{"start":{"line":0,"column":0},"end":{"line":0,"column":0},"skip":true},"7":{"start":{"line":0,"column":0},"end":{"line":0,"column":0},"skip":true},"8":{"start":{"line":0,"column":0},"end":{"line":0,"column":0},"skip":true},"9":{"start":{"line":0,"column":0},"end":{"line":0,"column":0},"skip":true},"10":{"start":{"line":0,"column":0},"end":{"line":0,"column":0},"skip":true},"11":{"start":{"line":0,"column":0},"end":{"line":0,"column":0},"skip":true},"12":{"start":{"line":0,"column":0},"end":{"line":0,"column":0},"skip":true},"13":{"start":{"line":0,"column":0},"end":{"line":0,"column":0},"skip":true},"14":{"start":{"line":0,"column":0},"end":{"line":0,"column":0},"skip":true},"15":{"start":{"line":0,"column":0},"end":{"line":0,"column":0},"skip":true},"16":{"start":{"line":0,"column":0},"end":{"line":0,"column":0},"skip":true},"17":{"start":{"line":1,"column":-15},"end":{"line":1,"column":-15}},"18":{"start":{"line":0,"column":0},"end":{"line":0,"column":0},"skip":true},"19":{"start":{"line":0,"column":0},"end":{"line":0,"column":0},"skip":true},"20":{"start":{"line":0,"column":0},"end":{"line":0,"column":0},"skip":true},"21":{"start":{"line":0,"column":0},"end":{"line":0,"column":0},"skip":true},"22":{"start":{"line":0,"column":0},"end":{"line":0,"column":0},"skip":true},"23":{"start":{"line":0,"column":0},"end":{"line":0,"column":0},"skip":true},"24":{"start":{"line":0,"column":0},"end":{"line":0,"column":0},"skip":true},"25":{"start":{"line":0,"column":0},"end":{"line":0,"column":0},"skip":true},"26":{"start":{"line":0,"column":0},"end":{"line":0,"column":0},"skip":true},"27":{"start":{"line":0,"column":0},"end":{"line":0,"column":0},"skip":true},"28":{"start":{"line":0,"column":0},"end":{"line":0,"column":0},"skip":true},"29":{"start":{"line":0,"column":0},"end":{"line":0,"column":0},"skip":true},"30":{"start":{"line":0,"column":0},"end":{"line":0,"column":0},"skip":true},"31":{"start":{"line":0,"column":0},"end":{"line":0,"column":0},"skip":true},"32":{"start":{"line":0,"column":0},"end":{"line":0,"column":0},"skip":true},"33":{"start":{"line":0,"column":0},"end":{"line":0,"column":0},"skip":true},"34":{"start":{"line":0,"column":0},"end":{"line":0,"column":0},"skip":true},"35":{"start":{"line":0,"column":0},"end":{"line":0,"column":0},"skip":true},"36":{"start":{"line":5,"column":2},"end":{"line":8,"column":3}},"37":{"start":{"line":5,"column":20},"end":{"line":5,"column":20}},"38":{"start":{"line":5,"column":20},"end":{"line":5,"column":20}},"39":{"start":{"line":7,"column":4},"end":{"line":7,"column":4}},"40":{"start":{"line":5,"column":20},"end":{"line":5,"column":20}},"41":{"start":{"line":0,"column":0},"end":{"line":0,"column":0},"skip":true},"42":{"start":{"line":11,"column":4},"end":{"line":11,"column":4}},"43":{"start":{"line":12,"column":4},"end":{"line":12,"column":4}},"44":{"start":{"line":15,"column":10},"end":{"line":15,"column":10}},"45":{"start":{"line":15,"column":10},"end":{"line":15,"column":10}},"46":{"start":{"line":15,"column":10},"end":{"line":15,"column":10}},"47":{"start":{"line":15,"column":10},"end":{"line":15,"column":10}},"48":{"start":{"line":17,"column":4},"end":{"line":17,"column":4}},"49":{"start":{"line":0,"column":0},"end":{"line":0,"column":0},"skip":true},"50":{"start":{"line":41,"column":0},"end":{"line":41,"column":0}},"51":{"start":{"line":0,"column":0},"end":{"line":0,"column":0},"skip":true}},"branchMap":{"1":{"line":7,"type":"binary-expr","locations":[{"start":{"line":0,"column":0},"end":{"line":0,"column":0},"skip":true},{"start":{"line":0,"column":0},"end":{"line":0,"column":0},"skip":true}]},"2":{"line":7,"type":"if","locations":[{"start":{"line":0,"column":0},"end":{"line":0,"column":0},"skip":true},{"start":{"line":0,"column":0},"end":{"line":0,"column":0},"skip":true}]},"3":{"line":7,"type":"if","locations":[{"start":{"line":0,"column":0},"end":{"line":0,"column":0},"skip":true},{"start":{"line":0,"column":0},"end":{"line":0,"column":0},"skip":true}]},"4":{"line":7,"type":"if","locations":[{"start":{"line":0,"column":0},"end":{"line":0,"column":0},"skip":true},{"start":{"line":0,"column":0},"end":{"line":0,"column":0},"skip":true}]},"5":{"line":13,"type":"cond-expr","locations":[{"start":{"line":0,"column":0},"end":{"line":0,"column":0},"skip":true},{"start":{"line":0,"column":0},"end":{"line":0,"column":0},"skip":true}]},"6":{"line":13,"type":"binary-expr","locations":[{"start":{"line":0,"column":0},"end":{"line":0,"column":0},"skip":true},{"start":{"line":0,"column":0},"end":{"line":0,"column":0},"skip":true}]},"7":{"line":15,"type":"if","locations":[{"start":{"line":0,"column":0},"end":{"line":0,"column":0},"skip":true},{"start":{"line":0,"column":0},"end":{"line":0,"column":0},"skip":true}]},"8":{"line":17,"type":"if","locations":[{"start":{"line":0,"column":0},"end":{"line":0,"column":0},"skip":true},{"start":{"line":0,"column":0},"end":{"line":0,"column":0},"skip":true}]},"9":{"line":17,"type":"cond-expr","locations":[{"start":{"line":0,"column":0},"end":{"line":0,"column":0},"skip":true},{"start":{"line":0,"column":0},"end":{"line":0,"column":0},"skip":true}]},"10":{"line":17,"type":"binary-expr","locations":[{"start":{"line":0,"column":0},"end":{"line":0,"column":0},"skip":true},{"start":{"line":0,"column":0},"end":{"line":0,"column":0},"skip":true},{"start":{"line":0,"column":0},"end":{"line":0,"column":0},"skip":true}]},"11":{"line":19,"type":"if","locations":[{"start":{"line":0,"column":0},"end":{"line":0,"column":0},"skip":true},{"start":{"line":0,"column":0},"end":{"line":0,"column":0},"skip":true}]},"12":{"line":19,"type":"binary-expr","locations":[{"start":{"line":0,"column":0},"end":{"line":0,"column":0},"skip":true},{"start":{"line":0,"column":0},"end":{"line":0,"column":0},"skip":true}]},"13":{"line":19,"type":"binary-expr","locations":[{"start":{"line":0,"column":0},"end":{"line":0,"column":0},"skip":true},{"start":{"line":0,"column":0},"end":{"line":0,"column":0},"skip":true}]},"14":{"line":19,"type":"if","locations":[{"start":{"line":0,"column":0},"end":{"line":0,"column":0},"skip":true},{"start":{"line":0,"column":0},"end":{"line":0,"column":0},"skip":true}]},"15":{"line":19,"type":"cond-expr","locations":[{"start":{"line":0,"column":0},"end":{"line":0,"column":0},"skip":true},{"start":{"line":0,"column":0},"end":{"line":0,"column":0},"skip":true}]}}},"/Users/carlos/Developer/curso-react-redux/soluciones/tema6/src/components/counter.js":{"path":"/Users/carlos/Developer/curso-react-redux/soluciones/tema6/src/components/counter.js","s":{"1":1,"2":1,"3":1,"4":1,"5":1,"6":1,"7":1,"8":1,"9":1,"10":1,"11":1,"12":1,"13":1,"14":1,"15":1,"16":0,"17":1,"18":1,"19":1,"20":1,"21":1,"22":1,"23":1,"24":3,"25":0,"26":1,"27":3,"28":0,"29":3,"30":1,"31":1,"32":0,"33":1,"34":1,"35":1,"36":1,"37":1,"38":1,"39":3,"40":3,"41":1,"42":3,"43":3,"44":3,"45":3,"46":3,"47":1,"48":1,"49":1,"50":0,"51":1},"b":{"1":[1,1],"2":[1,0],"3":[1,0],"4":[0,1],"5":[0,1],"6":[1,1],"7":[0,3],"8":[0,3],"9":[0,3],"10":[3,0,0],"11":[0,1],"12":[1,0],"13":[1,1],"14":[1,0],"15":[1,0]},"f":{"1":1,"2":1,"3":1,"4":1,"5":3,"6":3,"7":1,"8":1,"9":3,"10":3,"11":1,"12":0},"fnMap":{"1":{"name":"(anonymous_1)","line":8,"loc":{"start":{"line":0,"column":0},"end":{"line":0,"column":0},"skip":true},"skip":true},"2":{"name":"defineProperties","line":8,"loc":{"start":{"line":0,"column":0},"end":{"line":0,"column":0},"skip":true},"skip":true},"3":{"name":"(anonymous_3)","line":8,"loc":{"start":{"line":0,"column":0},"end":{"line":0,"column":0},"skip":true},"skip":true},"4":{"name":"_interopRequireDefault","line":16,"loc":{"start":{"line":0,"column":0},"end":{"line":0,"column":0},"skip":true},"skip":true},"5":{"name":"_classCallCheck","line":18,"loc":{"start":{"line":0,"column":0},"end":{"line":0,"column":0},"skip":true},"skip":true},"6":{"name":"_possibleConstructorReturn","line":20,"loc":{"start":{"line":0,"column":0},"end":{"line":0,"column":0},"skip":true},"skip":true},"7":{"name":"_inherits","line":22,"loc":{"start":{"line":0,"column":0},"end":{"line":0,"column":0},"skip":true},"skip":true},"8":{"name":"(anonymous_8)","line":24,"loc":{"start":{"line":0,"column":0},"end":{"line":0,"column":0},"skip":true},"skip":true},"9":{"name":"Counter","line":27,"loc":{"start":{"line":0,"column":0},"end":{"line":0,"column":0},"skip":true},"skip":true},"10":{"name":"render","line":35,"loc":{"start":{"line":0,"column":0},"end":{"line":0,"column":0},"skip":true},"skip":true},"11":{"name":"onClick","line":43,"loc":{"start":{"line":10,"column":24},"end":{"line":10,"column":24}}},"12":{"name":"mapStateToProps","line":56,"loc":{"start":{"line":17,"column":24},"end":{"line":17,"column":24}}}},"statementMap":{"1":{"start":{"line":0,"column":0},"end":{"line":0,"column":0},"skip":true},"2":{"start":{"line":0,"column":0},"end":{"line":0,"column":0},"skip":true},"3":{"start":{"line":0,"column":0},"end":{"line":0,"column":0},"skip":true},"4":{"start":{"line":0,"column":0},"end":{"line":0,"column":0},"skip":true},"5":{"start":{"line":0,"column":0},"end":{"line":0,"column":0},"skip":true},"6":{"start":{"line":0,"column":0},"end":{"line":0,"column":0},"skip":true},"7":{"start":{"line":0,"column":0},"end":{"line":0,"column":0},"skip":true},"8":{"start":{"line":0,"column":0},"end":{"line":0,"column":0},"skip":true},"9":{"start":{"line":0,"column":0},"end":{"line":0,"column":0},"skip":true},"10":{"start":{"line":0,"column":0},"end":{"line":0,"column":0},"skip":true},"11":{"start":{"line":0,"column":0},"end":{"line":0,"column":0},"skip":true},"12":{"start":{"line":0,"column":0},"end":{"line":0,"column":0},"skip":true},"13":{"start":{"line":0,"column":0},"end":{"line":0,"column":0},"skip":true},"14":{"start":{"line":0,"column":0},"end":{"line":0,"column":0},"skip":true},"15":{"start":{"line":0,"column":0},"end":{"line":0,"column":0},"skip":true},"16":{"start":{"line":0,"column":0},"end":{"line":0,"column":0},"skip":true},"17":{"start":{"line":0,"column":0},"end":{"line":0,"column":0},"skip":true},"18":{"start":{"line":1,"column":-15},"end":{"line":1,"column":-15}},"19":{"start":{"line":0,"column":0},"end":{"line":0,"column":0},"skip":true},"20":{"start":{"line":2,"column":0},"end":{"line":2,"column":0}},"21":{"start":{"line":0,"column":0},"end":{"line":0,"column":0},"skip":true},"22":{"start":{"line":0,"column":0},"end":{"line":0,"column":0},"skip":true},"23":{"start":{"line":0,"column":0},"end":{"line":0,"column":0},"skip":true},"24":{"start":{"line":0,"column":0},"end":{"line":0,"column":0},"skip":true},"25":{"start":{"line":0,"column":0},"end":{"line":0,"column":0},"skip":true},"26":{"start":{"line":0,"column":0},"end":{"line":0,"column":0},"skip":true},"27":{"start":{"line":0,"column":0},"end":{"line":0,"column":0},"skip":true},"28":{"start":{"line":0,"column":0},"end":{"line":0,"column":0},"skip":true},"29":{"start":{"line":0,"column":0},"end":{"line":0,"column":0},"skip":true},"30":{"start":{"line":0,"column":0},"end":{"line":0,"column":0},"skip":true},"31":{"start":{"line":0,"column":0},"end":{"line":0,"column":0},"skip":true},"32":{"start":{"line":0,"column":0},"end":{"line":0,"column":0},"skip":true},"33":{"start":{"line":0,"column":0},"end":{"line":0,"column":0},"skip":true},"34":{"start":{"line":0,"column":0},"end":{"line":0,"column":0},"skip":true},"35":{"start":{"line":0,"column":0},"end":{"line":0,"column":0},"skip":true},"36":{"start":{"line":0,"column":0},"end":{"line":0,"column":0},"skip":true},"37":{"start":{"line":0,"column":0},"end":{"line":0,"column":0},"skip":true},"38":{"start":{"line":0,"column":0},"end":{"line":0,"column":0},"skip":true},"39":{"start":{"line":0,"column":0},"end":{"line":0,"column":0},"skip":true},"40":{"start":{"line":0,"column":0},"end":{"line":0,"column":0},"skip":true},"41":{"start":{"line":0,"column":0},"end":{"line":0,"column":0},"skip":true},"42":{"start":{"line":5,"column":10},"end":{"line":5,"column":10}},"43":{"start":{"line":5,"column":10},"end":{"line":5,"column":10}},"44":{"start":{"line":6,"column":10},"end":{"line":6,"column":10}},"45":{"start":{"line":7,"column":10},"end":{"line":7,"column":10}},"46":{"start":{"line":9,"column":4},"end":{"line":9,"column":4}},"47":{"start":{"line":10,"column":24},"end":{"line":10,"column":24}},"48":{"start":{"line":0,"column":0},"end":{"line":0,"column":0},"skip":true},"49":{"start":{"line":17,"column":0},"end":{"line":17,"column":0}},"50":{"start":{"line":17,"column":24},"end":{"line":17,"column":24}},"51":{"start":{"line":0,"column":0},"end":{"line":0,"column":0},"skip":true}},"branchMap":{"1":{"line":8,"type":"binary-expr","locations":[{"start":{"line":0,"column":0},"end":{"line":0,"column":0},"skip":true},{"start":{"line":0,"column":0},"end":{"line":0,"column":0},"skip":true}]},"2":{"line":8,"type":"if","locations":[{"start":{"line":0,"column":0},"end":{"line":0,"column":0},"skip":true},{"start":{"line":0,"column":0},"end":{"line":0,"column":0},"skip":true}]},"3":{"line":8,"type":"if","locations":[{"start":{"line":0,"column":0},"end":{"line":0,"column":0},"skip":true},{"start":{"line":0,"column":0},"end":{"line":0,"column":0},"skip":true}]},"4":{"line":8,"type":"if","locations":[{"start":{"line":0,"column":0},"end":{"line":0,"column":0},"skip":true},{"start":{"line":0,"column":0},"end":{"line":0,"column":0},"skip":true}]},"5":{"line":16,"type":"cond-expr","locations":[{"start":{"line":0,"column":0},"end":{"line":0,"column":0},"skip":true},{"start":{"line":0,"column":0},"end":{"line":0,"column":0},"skip":true}]},"6":{"line":16,"type":"binary-expr","locations":[{"start":{"line":0,"column":0},"end":{"line":0,"column":0},"skip":true},{"start":{"line":0,"column":0},"end":{"line":0,"column":0},"skip":true}]},"7":{"line":18,"type":"if","locations":[{"start":{"line":0,"column":0},"end":{"line":0,"column":0},"skip":true},{"start":{"line":0,"column":0},"end":{"line":0,"column":0},"skip":true}]},"8":{"line":20,"type":"if","locations":[{"start":{"line":0,"column":0},"end":{"line":0,"column":0},"skip":true},{"start":{"line":0,"column":0},"end":{"line":0,"column":0},"skip":true}]},"9":{"line":20,"type":"cond-expr","locations":[{"start":{"line":0,"column":0},"end":{"line":0,"column":0},"skip":true},{"start":{"line":0,"column":0},"end":{"line":0,"column":0},"skip":true}]},"10":{"line":20,"type":"binary-expr","locations":[{"start":{"line":0,"column":0},"end":{"line":0,"column":0},"skip":true},{"start":{"line":0,"column":0},"end":{"line":0,"column":0},"skip":true},{"start":{"line":0,"column":0},"end":{"line":0,"column":0},"skip":true}]},"11":{"line":22,"type":"if","locations":[{"start":{"line":0,"column":0},"end":{"line":0,"column":0},"skip":true},{"start":{"line":0,"column":0},"end":{"line":0,"column":0},"skip":true}]},"12":{"line":22,"type":"binary-expr","locations":[{"start":{"line":0,"column":0},"end":{"line":0,"column":0},"skip":true},{"start":{"line":0,"column":0},"end":{"line":0,"column":0},"skip":true}]},"13":{"line":22,"type":"binary-expr","locations":[{"start":{"line":0,"column":0},"end":{"line":0,"column":0},"skip":true},{"start":{"line":0,"column":0},"end":{"line":0,"column":0},"skip":true}]},"14":{"line":22,"type":"if","locations":[{"start":{"line":0,"column":0},"end":{"line":0,"column":0},"skip":true},{"start":{"line":0,"column":0},"end":{"line":0,"column":0},"skip":true}]},"15":{"line":22,"type":"cond-expr","locations":[{"start":{"line":0,"column":0},"end":{"line":0,"column":0},"skip":true},{"start":{"line":0,"column":0},"end":{"line":0,"column":0},"skip":true}]}}}}