TN:
SF:/Users/carlos/Developer/curso-react-redux/soluciones/tema6/src/components/ecommerce/cart.js
FN:8,(anonymous_1)
FN:8,defineProperties
FN:8,(anonymous_3)
FN:32,_interopRequireDefault
FN:34,_classCallCheck
FN:36,_possibleConstructorReturn
FN:38,_inherits
FN:42,(anonymous_8)
FN:45,Cart
FN:61,handleBack
FN:70,handleCheckout
FN:79,handleQuantityChange
FN:87,render
FN:95,(anonymous_14)
FN:192,mapDispatchToProps
FNF:15
FNH:14
FNDA:1,(anonymous_1)
FNDA:1,defineProperties
FNDA:1,(anonymous_3)
FNDA:3,_interopRequireDefault
FNDA:10,_classCallCheck
FNDA:10,_possibleConstructorReturn
FNDA:1,_inherits
FNDA:1,(anonymous_8)
FNDA:10,Cart
FNDA:1,handleBack
FNDA:1,handleCheckout
FNDA:1,handleQuantityChange
FNDA:10,render
FNDA:3,(anonymous_14)
FNDA:0,mapDispatchToProps
DA:0,10
DA:1,1
DA:2,1
DA:3,1
DA:4,1
DA:5,1
DA:6,1
DA:7,1
DA:8,1
DA:12,10
DA:14,10
DA:15,10
DA:16,10
DA:21,1
DA:22,1
DA:27,1
DA:28,1
DA:32,1
DA:33,1
DA:36,10
DA:39,10
DA:44,10
DA:78,1
DA:86,1
DA:91,1
DA:92,0
LF:26
LH:25
BRDA:8,1,0,4
BRDA:8,1,1,4
BRDA:8,2,0,4
BRDA:8,2,1,0
BRDA:8,3,0,1
BRDA:8,3,1,0
BRDA:8,4,0,0
BRDA:8,4,1,1
BRDA:32,5,0,2
BRDA:32,5,1,1
BRDA:32,6,0,3
BRDA:32,6,1,3
BRDA:34,7,0,0
BRDA:34,7,1,10
BRDA:36,8,0,0
BRDA:36,8,1,10
BRDA:36,9,0,0
BRDA:36,9,1,10
BRDA:36,10,0,10
BRDA:36,10,1,0
BRDA:36,10,2,0
BRDA:38,11,0,0
BRDA:38,11,1,1
BRDA:38,12,0,1
BRDA:38,12,1,0
BRDA:38,13,0,1
BRDA:38,13,1,1
BRDA:38,14,0,1
BRDA:38,14,1,0
BRDA:38,15,0,1
BRDA:38,15,1,0
BRDA:166,16,0,7
BRDA:166,16,1,3
BRF:33
BRH:33
end_of_record
TN:
SF:/Users/carlos/Developer/curso-react-redux/soluciones/tema6/src/modules/cart/index.js
FN:8,(anonymous_1)
FN:12,(anonymous_2)
FN:16,get
FN:31,_interopRequireWildcard
FN:33,_defineProperty
FN:38,addToCart
FN:47,removeFromCart
FN:49,(anonymous_8)
FN:57,changeQuantity
FN:69,cart
FNF:10
FNH:10
FNDA:0,(anonymous_1)
FNDA:4,(anonymous_2)
FNDA:1,get
FNDA:2,_interopRequireWildcard
FNDA:2,_defineProperty
FNDA:1,addToCart
FNDA:2,removeFromCart
FNDA:2,(anonymous_8)
FNDA:2,changeQuantity
FNDA:6,cart
DA:0,2
DA:1,1
DA:2,4
DA:5,1
DA:6,1
DA:7,1
DA:8,0
DA:14,1
DA:20,1
DA:22,2
DA:23,2
DA:24,0
DA:26,2
DA:30,2
DA:32,2
DA:33,1
DA:36,1
DA:42,6
DA:43,6
DA:45,1
DA:47,1
DA:49,2
DA:51,1
DA:53,1
LF:24
LH:22
BRDA:8,1,0,1
BRDA:8,1,1,0
BRDA:8,2,0,0
BRDA:8,2,1,0
BRDA:13,3,0,0
BRDA:13,3,1,4
BRDA:31,4,0,2
BRDA:31,4,1,0
BRDA:31,5,0,2
BRDA:31,5,1,2
BRDA:31,6,0,0
BRDA:31,6,1,0
BRDA:31,7,0,0
BRDA:31,7,1,0
BRDA:33,8,0,0
BRDA:33,8,1,2
BRDA:40,9,0,0
BRDA:40,9,1,1
BRDA:50,10,0,0
BRDA:50,10,1,2
BRDA:62,11,0,1
BRDA:62,11,1,1
BRDA:70,12,0,1
BRDA:70,12,1,5
BRDA:70,13,0,6
BRDA:70,13,1,6
BRDA:73,14,0,1
BRDA:73,14,1,1
BRDA:73,14,2,2
BRDA:73,14,3,1
BRDA:73,14,4,1
BRF:31
BRH:28
end_of_record
TN:
SF:/Users/carlos/Developer/curso-react-redux/soluciones/tema6/src/modules/cart/actions.js
FN:15,_interopRequireWildcard
FN:17,addToCart
FN:24,removeFromCart
FN:31,changeQuantity
FN:41,emptyCart
FNF:5
FNH:1
FNDA:1,_interopRequireWildcard
FNDA:0,addToCart
FNDA:0,removeFromCart
FNDA:0,changeQuantity
FNDA:0,emptyCart
DA:0,1
DA:1,1
DA:3,1
DA:4,0
DA:10,1
DA:11,0
DA:17,1
DA:18,0
DA:27,1
DA:28,0
LF:10
LH:6
BRDA:15,1,0,1
BRDA:15,1,1,0
BRDA:15,2,0,1
BRDA:15,2,1,1
BRDA:15,3,0,0
BRDA:15,3,1,0
BRDA:15,4,0,0
BRDA:15,4,1,0
BRF:8
BRH:8
end_of_record
TN:
SF:/Users/carlos/Developer/curso-react-redux/soluciones/tema6/src/modules/cart/actionTypes.js
FNF:0
FNH:0
DA:0,1
DA:1,1
DA:2,1
DA:3,1
DA:4,1
LF:5
LH:5
BRF:0
BRH:0
end_of_record
TN:
SF:/Users/carlos/Developer/curso-react-redux/soluciones/tema6/src/modules/cart/selectors.js
FN:8,(anonymous_1)
FN:13,cartItems
FN:18,catalogItems
FN:24,mapItems
FN:25,(anonymous_5)
FN:27,(anonymous_6)
FN:36,calculateTotal
FN:37,(anonymous_8)
FN:45,(anonymous_9)
FNF:9
FNH:9
FNDA:0,(anonymous_1)
FNDA:2,cartItems
FNDA:2,catalogItems
FNDA:1,mapItems
FNDA:1,(anonymous_5)
FNDA:1,(anonymous_6)
FNDA:1,calculateTotal
FNDA:1,(anonymous_8)
FNDA:1,(anonymous_9)
DA:0,1
DA:1,1
DA:4,2
DA:7,2
DA:11,1
DA:15,1
DA:16,1
DA:17,1
DA:18,1
DA:28,1
DA:31,1
DA:32,1
DA:40,1
DA:44,1
LF:14
LH:14
BRDA:8,1,0,1
BRDA:8,1,1,0
BRDA:8,2,0,0
BRDA:8,2,1,0
BRF:4
BRH:4
end_of_record
TN:
SF:/Users/carlos/Developer/curso-react-redux/soluciones/tema6/src/modules/route/index.js
FN:9,(anonymous_1)
FN:13,get
FN:19,route
FNF:3
FNH:1
FNDA:5,(anonymous_1)
FNDA:0,get
FNDA:0,route
DA:0,1
DA:1,1
DA:2,5
DA:4,1
DA:5,0
DA:7,0
DA:9,0
LF:7
LH:4
BRDA:10,1,0,0
BRDA:10,1,1,5
BRDA:20,2,0,0
BRDA:20,2,1,0
BRDA:20,3,0,0
BRDA:20,3,1,0
BRDA:23,4,0,0
BRDA:23,4,1,0
BRF:8
BRH:1
end_of_record
TN:
SF:/Users/carlos/Developer/curso-react-redux/soluciones/tema6/src/modules/route/actions.js
FN:15,setRoute
FN:22,goToCart
FN:26,goToCatalog
FN:30,goToCheckout
FN:34,goToThankYou
FNF:5
FNH:0
FNDA:0,setRoute
FNDA:0,goToCart
FNDA:0,goToCatalog
FNDA:0,goToCheckout
FNDA:0,goToThankYou
DA:0,1
DA:1,1
DA:3,1
DA:4,1
DA:5,0
DA:11,1
DA:12,0
DA:15,1
DA:16,0
DA:19,1
DA:20,0
DA:23,1
DA:24,0
LF:13
LH:8
BRF:0
BRH:0
end_of_record
TN:
SF:/Users/carlos/Developer/curso-react-redux/soluciones/tema6/src/components/ecommerce/header.js
FN:11,_interopRequireDefault
FN:14,Header
FNF:2
FNH:1
FNDA:1,_interopRequireDefault
FNDA:0,Header
DA:0,1
DA:1,1
DA:4,1
DA:9,1
LF:4
LH:4
BRDA:11,1,0,0
BRDA:11,1,1,1
BRDA:11,2,0,1
BRDA:11,2,1,1
BRF:4
BRH:4
end_of_record
TN:
SF:/Users/carlos/Developer/curso-react-redux/soluciones/tema6/src/components/ecommerce/cart_item.js
FN:7,(anonymous_1)
FN:7,defineProperties
FN:7,(anonymous_3)
FN:13,_interopRequireDefault
FN:15,_classCallCheck
FN:17,_possibleConstructorReturn
FN:19,_inherits
FN:23,(anonymous_8)
FN:26,CartItem
FN:42,handleRemove
FN:56,handleIncQty
FN:72,handleDecQty
FN:85,render
FNF:13
FNH:12
FNDA:1,(anonymous_1)
FNDA:1,defineProperties
FNDA:1,(anonymous_3)
FNDA:1,_interopRequireDefault
FNDA:0,_classCallCheck
FNDA:0,_possibleConstructorReturn
FNDA:1,_inherits
FNDA:1,(anonymous_8)
FNDA:0,CartItem
FNDA:0,handleRemove
FNDA:0,handleIncQty
FNDA:0,handleDecQty
FNDA:0,render
DA:0,4
DA:1,1
DA:5,1
DA:7,0
DA:8,0
DA:9,0
DA:13,0
DA:15,0
DA:16,0
DA:23,0
DA:25,0
DA:26,0
DA:33,0
DA:35,0
DA:36,0
DA:42,0
DA:43,0
DA:44,0
DA:46,0
DA:65,1
LF:20
LH:4
BRDA:7,1,0,4
BRDA:7,1,1,4
BRDA:7,2,0,4
BRDA:7,2,1,0
BRDA:7,3,0,1
BRDA:7,3,1,0
BRDA:7,4,0,0
BRDA:7,4,1,1
BRDA:13,5,0,0
BRDA:13,5,1,1
BRDA:13,6,0,1
BRDA:13,6,1,1
BRDA:15,7,0,0
BRDA:15,7,1,0
BRDA:17,8,0,0
BRDA:17,8,1,0
BRDA:17,9,0,0
BRDA:17,9,1,0
BRDA:17,10,0,0
BRDA:17,10,1,0
BRDA:17,10,2,0
BRDA:19,11,0,0
BRDA:19,11,1,1
BRDA:19,12,0,1
BRDA:19,12,1,0
BRDA:19,13,0,1
BRDA:19,13,1,1
BRDA:19,14,0,1
BRDA:19,14,1,0
BRDA:19,15,0,1
BRDA:19,15,1,0
BRF:31
BRH:31
end_of_record
TN:
SF:/Users/carlos/Developer/curso-react-redux/soluciones/tema6/src/components/ecommerce/catalog.js
FN:8,(anonymous_1)
FN:8,defineProperties
FN:8,(anonymous_3)
FN:36,_interopRequireDefault
FN:38,_classCallCheck
FN:40,_possibleConstructorReturn
FN:42,_inherits
FN:46,(anonymous_8)
FN:49,Catalog
FN:63,componentDidMount
FN:71,handleAddToCart
FN:79,render
FN:82,(anonymous_13)
FN:121,fetchProducts
FN:122,push
FN:123,addToCart
FN:125,mapStateToProps
FNF:17
FNH:13
FNDA:1,(anonymous_1)
FNDA:1,defineProperties
FNDA:1,(anonymous_3)
FNDA:4,_interopRequireDefault
FNDA:7,_classCallCheck
FNDA:7,_possibleConstructorReturn
FNDA:1,_inherits
FNDA:1,(anonymous_8)
FNDA:7,Catalog
FNDA:2,componentDidMount
FNDA:1,handleAddToCart
FNDA:7,render
FNDA:6,(anonymous_13)
FNDA:0,fetchProducts
FNDA:0,push
FNDA:0,addToCart
FNDA:0,mapStateToProps
DA:0,7
DA:1,1
DA:2,1
DA:3,1
DA:4,1
DA:5,1
DA:6,1
DA:7,1
DA:8,1
DA:9,1
DA:13,7
DA:15,7
DA:21,2
DA:22,1
DA:28,1
DA:30,1
DA:33,7
DA:34,7
DA:37,7
DA:50,1
DA:62,1
DA:72,1
DA:73,0
LF:23
LH:22
BRDA:8,1,0,3
BRDA:8,1,1,3
BRDA:8,2,0,3
BRDA:8,2,1,0
BRDA:8,3,0,1
BRDA:8,3,1,0
BRDA:8,4,0,0
BRDA:8,4,1,1
BRDA:36,5,0,2
BRDA:36,5,1,2
BRDA:36,6,0,4
BRDA:36,6,1,4
BRDA:38,7,0,0
BRDA:38,7,1,7
BRDA:40,8,0,0
BRDA:40,8,1,7
BRDA:40,9,0,0
BRDA:40,9,1,7
BRDA:40,10,0,7
BRDA:40,10,1,0
BRDA:40,10,2,0
BRDA:42,11,0,0
BRDA:42,11,1,1
BRDA:42,12,0,1
BRDA:42,12,1,0
BRDA:42,13,0,1
BRDA:42,13,1,1
BRDA:42,14,0,1
BRDA:42,14,1,0
BRDA:42,15,0,1
BRDA:42,15,1,0
BRDA:65,16,0,1
BRDA:65,16,1,1
BRDA:93,17,0,1
BRDA:93,17,1,6
BRDA:93,18,0,7
BRDA:93,18,1,7
BRDA:94,19,0,1
BRDA:94,19,1,6
BRF:39
BRH:39
end_of_record
TN:
SF:/Users/carlos/Developer/curso-react-redux/soluciones/tema6/src/lib/api.js
FN:10,handleResponse
FN:20,get
FNF:2
FNH:2
FNDA:1,handleResponse
FNDA:2,get
DA:0,1
DA:1,1
DA:4,1
DA:5,1
DA:6,1
DA:8,0
DA:14,1
DA:15,2
LF:8
LH:7
BRDA:11,1,0,1
BRDA:11,1,1,0
BRF:2
BRH:1
end_of_record
TN:
SF:/Users/carlos/Developer/curso-react-redux/soluciones/tema6/src/modules/catalog/index.js
FN:7,(anonymous_1)
FN:11,(anonymous_2)
FN:15,get
FN:22,_toConsumableArray
FN:30,catalog
FNF:5
FNH:5
FNDA:0,(anonymous_1)
FNDA:4,(anonymous_2)
FNDA:10,get
FNDA:2,_toConsumableArray
FNDA:6,catalog
DA:0,6
DA:1,1
DA:2,10
DA:4,1
DA:10,6
DA:11,6
DA:13,1
DA:18,2
DA:24,1
DA:30,2
LF:10
LH:10
BRDA:7,1,0,1
BRDA:7,1,1,0
BRDA:7,2,0,0
BRDA:7,2,1,0
BRDA:12,3,0,0
BRDA:12,3,1,4
BRDA:22,4,0,2
BRDA:22,4,1,0
BRDA:31,5,0,2
BRDA:31,5,1,4
BRDA:31,6,0,6
BRDA:31,6,1,6
BRDA:34,7,0,1
BRDA:34,7,1,2
BRDA:34,7,2,1
BRDA:34,7,3,2
BRF:16
BRH:15
end_of_record
TN:
SF:/Users/carlos/Developer/curso-react-redux/soluciones/tema6/src/modules/catalog/actions.js
FN:14,fetchProducts
FN:15,(anonymous_2)
FN:22,(anonymous_3)
FN:27,(anonymous_4)
FNF:4
FNH:4
FNDA:2,fetchProducts
FNDA:2,(anonymous_2)
FNDA:1,(anonymous_3)
FNDA:1,(anonymous_4)
DA:0,1
DA:1,1
DA:3,1
DA:4,1
DA:5,1
DA:6,1
DA:7,2
DA:9,2
DA:14,2
DA:16,1
DA:22,1
DA:26,1
LF:12
LH:12
BRF:0
BRH:0
end_of_record
TN:
SF:/Users/carlos/Developer/curso-react-redux/soluciones/tema6/src/data/shopping_cart.js
FNF:0
FNH:0
DA:1,1
LF:1
LH:1
BRF:0
BRH:0
end_of_record
TN:
SF:/Users/carlos/Developer/curso-react-redux/soluciones/tema6/src/components/ecommerce/catalog_item.js
FN:7,(anonymous_1)
FN:7,defineProperties
FN:7,(anonymous_3)
FN:13,_interopRequireDefault
FN:15,_classCallCheck
FN:17,_possibleConstructorReturn
FN:19,_inherits
FN:23,(anonymous_8)
FN:26,CatalogItem
FN:37,handleAddToCart
FN:43,render
FNF:11
FNH:10
FNDA:1,(anonymous_1)
FNDA:1,defineProperties
FNDA:1,(anonymous_3)
FNDA:1,_interopRequireDefault
FNDA:0,_classCallCheck
FNDA:0,_possibleConstructorReturn
FNDA:1,_inherits
FNDA:1,(anonymous_8)
FNDA:0,CatalogItem
FNDA:0,handleAddToCart
FNDA:0,render
DA:0,2
DA:1,1
DA:5,1
DA:7,0
DA:11,0
DA:12,0
DA:15,0
DA:17,0
DA:41,1
LF:9
LH:4
BRDA:7,1,0,2
BRDA:7,1,1,2
BRDA:7,2,0,2
BRDA:7,2,1,0
BRDA:7,3,0,1
BRDA:7,3,1,0
BRDA:7,4,0,0
BRDA:7,4,1,1
BRDA:13,5,0,0
BRDA:13,5,1,1
BRDA:13,6,0,1
BRDA:13,6,1,1
BRDA:15,7,0,0
BRDA:15,7,1,0
BRDA:17,8,0,0
BRDA:17,8,1,0
BRDA:17,9,0,0
BRDA:17,9,1,0
BRDA:17,10,0,0
BRDA:17,10,1,0
BRDA:17,10,2,0
BRDA:19,11,0,0
BRDA:19,11,1,1
BRDA:19,12,0,1
BRDA:19,12,1,0
BRDA:19,13,0,1
BRDA:19,13,1,1
BRDA:19,14,0,1
BRDA:19,14,1,0
BRDA:19,15,0,1
BRDA:19,15,1,0
BRF:31
BRH:31
end_of_record
TN:
SF:/Users/carlos/Developer/curso-react-redux/soluciones/tema6/src/components/counter.js
FN:8,(anonymous_1)
FN:8,defineProperties
FN:8,(anonymous_3)
FN:16,_interopRequireDefault
FN:18,_classCallCheck
FN:20,_possibleConstructorReturn
FN:22,_inherits
FN:24,(anonymous_8)
FN:27,Counter
FN:35,render
FN:43,onClick
FN:56,mapStateToProps
FNF:12
FNH:11
FNDA:1,(anonymous_1)
FNDA:1,defineProperties
FNDA:1,(anonymous_3)
FNDA:1,_interopRequireDefault
FNDA:3,_classCallCheck
FNDA:3,_possibleConstructorReturn
FNDA:1,_inherits
FNDA:1,(anonymous_8)
FNDA:3,Counter
FNDA:3,render
FNDA:1,onClick
FNDA:0,mapStateToProps
DA:0,3
DA:1,1
DA:2,1
DA:5,3
DA:6,3
DA:7,3
DA:9,3
DA:10,1
DA:17,1
LF:9
LH:9
BRDA:8,1,0,1
BRDA:8,1,1,1
BRDA:8,2,0,1
BRDA:8,2,1,0
BRDA:8,3,0,1
BRDA:8,3,1,0
BRDA:8,4,0,0
BRDA:8,4,1,1
BRDA:16,5,0,0
BRDA:16,5,1,1
BRDA:16,6,0,1
BRDA:16,6,1,1
BRDA:18,7,0,0
BRDA:18,7,1,3
BRDA:20,8,0,0
BRDA:20,8,1,3
BRDA:20,9,0,0
BRDA:20,9,1,3
BRDA:20,10,0,3
BRDA:20,10,1,0
BRDA:20,10,2,0
BRDA:22,11,0,0
BRDA:22,11,1,1
BRDA:22,12,0,1
BRDA:22,12,1,0
BRDA:22,13,0,1
BRDA:22,13,1,1
BRDA:22,14,0,1
BRDA:22,14,1,0
BRDA:22,15,0,1
BRDA:22,15,1,0
BRF:31
BRH:31
end_of_record
